D:\PROJECTS\DUARTEC-PROJECTS\MESTRADO\OPENCV\OPENCV\DEBUG\ALGORITHMESTIMATION.OBJ
D:\PROJECTS\DUARTEC-PROJECTS\MESTRADO\OPENCV\OPENCV\DEBUG\COLLECTEDSTATISTICS.OBJ
D:\PROJECTS\DUARTEC-PROJECTS\MESTRADO\OPENCV\OPENCV\DEBUG\FEATUREALGORITHM.OBJ
D:\PROJECTS\DUARTEC-PROJECTS\MESTRADO\OPENCV\OPENCV\DEBUG\IMAGETRANSFORMATION.OBJ
D:\PROJECTS\DUARTEC-PROJECTS\MESTRADO\OPENCV\OPENCV\DEBUG\MAIN.OBJ
D:\PROJECTS\DUARTEC-PROJECTS\MESTRADO\OPENCV\OPENCV\DEBUG\VC110.PDB
D:\PROJECTS\DUARTEC-PROJECTS\MESTRADO\OPENCV\DEBUG\OPENCV.ILK
D:\PROJECTS\DUARTEC-PROJECTS\MESTRADO\OPENCV\DEBUG\OPENCV.EXE
D:\PROJECTS\DUARTEC-PROJECTS\MESTRADO\OPENCV\DEBUG\OPENCV.PDB
D:\Projects\duartec-projects\Mestrado\opencv\opencv\Debug\AlgorithmEstimation.obj
D:\Projects\duartec-projects\Mestrado\opencv\opencv\Debug\CollectedStatistics.obj
D:\Projects\duartec-projects\Mestrado\opencv\opencv\Debug\FeatureAlgorithm.obj
D:\Projects\duartec-projects\Mestrado\opencv\opencv\Debug\ImageTransformation.obj
D:\Projects\duartec-projects\Mestrado\opencv\opencv\Debug\main.obj
D:\Projects\duartec-projects\Mestrado\opencv\opencv\Debug\cl.command.1.tlog
D:\Projects\duartec-projects\Mestrado\opencv\opencv\Debug\CL.read.1.tlog
D:\Projects\duartec-projects\Mestrado\opencv\opencv\Debug\CL.write.1.tlog
D:\Projects\duartec-projects\Mestrado\opencv\opencv\Debug\link-cvtres.read.1.tlog
D:\Projects\duartec-projects\Mestrado\opencv\opencv\Debug\link-cvtres.write.1.tlog
D:\Projects\duartec-projects\Mestrado\opencv\opencv\Debug\link-rc.read.1.tlog
D:\Projects\duartec-projects\Mestrado\opencv\opencv\Debug\link-rc.write.1.tlog
D:\Projects\duartec-projects\Mestrado\opencv\opencv\Debug\link.command.1.tlog
D:\Projects\duartec-projects\Mestrado\opencv\opencv\Debug\link.read.1.tlog
D:\Projects\duartec-projects\Mestrado\opencv\opencv\Debug\link.write.1.tlog
D:\Projects\duartec-projects\Mestrado\opencv\opencv\Debug\vc110.idb
D:\Projects\duartec-projects\Mestrado\opencv\opencv\Debug\vc110.pdb
D:\Projects\duartec-projects\Mestrado\opencv\Debug\opencv.pdb
D:\Projects\duartec-projects\Mestrado\opencv\Debug\opencv.exe
D:\Projects\duartec-projects\Mestrado\opencv\Debug\opencv.ilk
