\BOOKMARK [0][]{titulo.0}{Folha de Rosto}{}% 1
\BOOKMARK [0][]{cip.0}{Verso da Folha de Rosto}{}% 2
\BOOKMARK [0][]{aprovacao.0}{Folha da Banca}{}% 3
\BOOKMARK [0][]{dedication.0}{Dedicat\363ria}{}% 4
\BOOKMARK [0][]{acknowledgment.0}{Agradecimentos}{}% 5
\BOOKMARK [0][]{epigrafe.0}{Ep\355grafe}{}% 6
\BOOKMARK [0][]{resumo.0}{Resumo}{}% 7
\BOOKMARK [0][]{abstract.0}{Abstract}{}% 8
\BOOKMARK [0][]{contents.0}{Sum\341rio}{}% 9
\BOOKMARK [0][]{chapter*.5}{Lista de Figuras}{}% 10
\BOOKMARK [0][]{chapter*.6}{Lista de Tabelas}{}% 11
\BOOKMARK [0][]{chapter*.7}{Lista de Abreviaturas e Siglas}{}% 12
\BOOKMARK [0][]{chapter.1}{1 Motiva\347\343o}{}% 13
\BOOKMARK [0][]{chapter.2}{2 Objetivo}{}% 14
\BOOKMARK [0][]{chapter.3}{3 Contexto}{}% 15
\BOOKMARK [1][]{section.3.1}{3.1 Vari\341veis de contorno}{chapter.3}% 16
\BOOKMARK [1][]{section.3.2}{3.2 Cen\341rio}{chapter.3}% 17
\BOOKMARK [0][]{chapter.4}{4 Estrutura do texto}{}% 18
\BOOKMARK [0][]{chapter.5}{5 Conceitos}{}% 19
\BOOKMARK [1][]{section.5.1}{5.1 Realidade Aumentada}{chapter.5}% 20
\BOOKMARK [1][]{section.5.2}{5.2 Head-Mounted Displays}{chapter.5}% 21
\BOOKMARK [2][]{subsection.5.2.1}{5.2.1 Feed-Through}{section.5.2}% 22
\BOOKMARK [2][]{subsection.5.2.2}{5.2.2 See-Through}{section.5.2}% 23
\BOOKMARK [2][]{subsection.5.2.3}{5.2.3 Projetores}{section.5.2}% 24
\BOOKMARK [2][]{subsection.5.2.4}{5.2.4 Monitores}{section.5.2}% 25
\BOOKMARK [1][]{section.5.3}{5.3 Modos de Aquisi\347\343o}{chapter.5}% 26
\BOOKMARK [2][]{subsection.5.3.1}{5.3.1 Multiview}{section.5.3}% 27
\BOOKMARK [2][]{subsection.5.3.2}{5.3.2 Multitemporal}{section.5.3}% 28
\BOOKMARK [2][]{subsection.5.3.3}{5.3.3 Multimodal}{section.5.3}% 29
\BOOKMARK [2][]{subsection.5.3.4}{5.3.4 Cena para o Modelo}{section.5.3}% 30
\BOOKMARK [1][]{section.5.4}{5.4 Caracter\355sticas Locais}{chapter.5}% 31
\BOOKMARK [2][]{subsection.5.4.1}{5.4.1 Propriedades da Caracter\355stica Local ideal}{section.5.4}% 32
\BOOKMARK [2][]{subsection.5.4.2}{5.4.2 Features}{section.5.4}% 33
\BOOKMARK [1][]{section.5.5}{5.5 Cad\352ncia}{chapter.5}% 34
\BOOKMARK [1][]{section.5.6}{5.6 Camera}{chapter.5}% 35
\BOOKMARK [2][]{subsection.5.6.1}{5.6.1 Distor\347\343o Radial}{section.5.6}% 36
\BOOKMARK [2][]{subsection.5.6.2}{5.6.2 Distor\347\343o Tangencial}{section.5.6}% 37
\BOOKMARK [1][]{section.5.7}{5.7 Modelo de C\342mera}{chapter.5}% 38
\BOOKMARK [1][]{section.5.8}{5.8 Reconhecimento}{chapter.5}% 39
\BOOKMARK [2][]{subsection.5.8.1}{5.8.1 Detec\347\343o de caracter\355sticas}{section.5.8}% 40
\BOOKMARK [2][]{subsection.5.8.2}{5.8.2 Feature matching}{section.5.8}% 41
\BOOKMARK [1][]{section.5.9}{5.9 Algoritmos de Reconhecimento}{chapter.5}% 42
\BOOKMARK [2][]{subsection.5.9.1}{5.9.1 BRISK}{section.5.9}% 43
\BOOKMARK [2][]{subsection.5.9.2}{5.9.2 FAST}{section.5.9}% 44
\BOOKMARK [2][]{subsection.5.9.3}{5.9.3 FREAK}{section.5.9}% 45
\BOOKMARK [2][]{subsection.5.9.4}{5.9.4 MSER}{section.5.9}% 46
\BOOKMARK [2][]{subsection.5.9.5}{5.9.5 ORB}{section.5.9}% 47
\BOOKMARK [2][]{subsection.5.9.6}{5.9.6 SIFT - Scale-Invariant Feature Transform}{section.5.9}% 48
\BOOKMARK [2][]{subsection.5.9.7}{5.9.7 STAR}{section.5.9}% 49
\BOOKMARK [2][]{subsection.5.9.8}{5.9.8 SURF - Speeded Up Robust Feature}{section.5.9}% 50
\BOOKMARK [0][]{chapter.6}{6 Metodologia}{}% 51
\BOOKMARK [1][]{section.6.1}{6.1 Defini\347\343o de par\342metros}{chapter.6}% 52
\BOOKMARK [1][]{section.6.2}{6.2 An\341lise de dados}{chapter.6}% 53
\BOOKMARK [0][]{chapter.7}{7 Prot\363tipos}{}% 54
\BOOKMARK [1][]{section.7.1}{7.1 Testes de reconhecimento de padr\365es}{chapter.7}% 55
\BOOKMARK [1][]{section.7.2}{7.2 Ambiente}{chapter.7}% 56
\BOOKMARK [2][]{subsection.7.2.1}{7.2.1 OpenCV}{section.7.2}% 57
\BOOKMARK [0][]{chapter.8}{8 Resultados}{}% 58
\BOOKMARK [1][]{section.8.1}{8.1 An\341lise de par\342metros pontuais}{chapter.8}% 59
\BOOKMARK [2][]{subsection.8.1.1}{8.1.1 BRISK}{section.8.1}% 60
\BOOKMARK [2][]{subsection.8.1.2}{8.1.2 An\341lise}{section.8.1}% 61
\BOOKMARK [2][]{subsection.8.1.3}{8.1.3 FAST}{section.8.1}% 62
\BOOKMARK [2][]{subsection.8.1.4}{8.1.4 FREAK}{section.8.1}% 63
\BOOKMARK [2][]{subsection.8.1.5}{8.1.5 MSER}{section.8.1}% 64
\BOOKMARK [2][]{subsection.8.1.6}{8.1.6 ORB}{section.8.1}% 65
\BOOKMARK [2][]{subsection.8.1.7}{8.1.7 SIFT}{section.8.1}% 66
\BOOKMARK [2][]{subsection.8.1.8}{8.1.8 STAR}{section.8.1}% 67
\BOOKMARK [2][]{subsection.8.1.9}{8.1.9 SURF}{section.8.1}% 68
\BOOKMARK [1][]{section.8.2}{8.2 An\341lise de resultados}{chapter.8}% 69
\BOOKMARK [1][]{section.8.3}{8.3 Homografia}{chapter.8}% 70
\BOOKMARK [0][]{chapter.9}{9 Conclus\343o}{}% 71
\BOOKMARK [0][]{chapter.10}{10 Trabalhos futuros}{}% 72
\BOOKMARK [0][]{chapter.11}{Refer\352ncias Bibliogr\341ficas}{}% 73
\BOOKMARK [0][]{chapter.12}{Gloss\341rio}{}% 74
\BOOKMARK [0][]{bla.0}{Folha de Registro do Documento}{}% 75
