This is pdfTeX, Version 3.1415926-2.5-1.40.14 (MiKTeX 2.9) (preloaded format=pdflatex 2014.10.12)  4 JAN 2015 09:49
entering extended mode
**template_Article.tex
(D:\Projects\duartec-projects\Mestrado\Registration-Tese\template_Article.tex
LaTeX2e <2011/06/27>
Babel <v3.8m> and hyphenation patterns for english, afrikaans, ancientgreek, ar
abic, armenian, assamese, basque, bengali, bokmal, bulgarian, catalan, coptic, 
croatian, czech, danish, dutch, esperanto, estonian, farsi, finnish, french, ga
lician, german, german-x-2013-05-26, greek, gujarati, hindi, hungarian, iceland
ic, indonesian, interlingua, irish, italian, kannada, kurmanji, latin, latvian,
 lithuanian, malayalam, marathi, mongolian, mongolianlmc, monogreek, ngerman, n
german-x-2013-05-26, nynorsk, oriya, panjabi, pinyin, polish, portuguese, roman
ian, russian, sanskrit, serbian, slovak, slovenian, spanish, swedish, swissgerm
an, tamil, telugu, turkish, turkmen, ukenglish, ukrainian, uppersorbian, usengl
ishmax, welsh, loaded.
(D:\Projects\duartec-projects\Mestrado\Registration-Tese\ita.cls
Document Class: ita 2006/03/10 v2.0 Classe de documento com padrões do ITA
(D:\Projects\duartec-projects\Mestrado\Registration-Tese\defaults.def)
(D:\Projects\duartec-projects\Mestrado\Registration-Tese\msc.def)
("C:\Program Files (x86)\MiKTeX 2.9\tex\latex\base\book.cls"
Document Class: book 2007/10/19 v1.4h Standard LaTeX document class
("C:\Program Files (x86)\MiKTeX 2.9\tex\latex\base\bk12.clo"
File: bk12.clo 2007/10/19 v1.4h Standard LaTeX file (size option)
)
\c@part=\count79
\c@chapter=\count80
\c@section=\count81
\c@subsection=\count82
\c@subsubsection=\count83
\c@paragraph=\count84
\c@subparagraph=\count85
\c@figure=\count86
\c@table=\count87
\abovecaptionskip=\skip41
\belowcaptionskip=\skip42
\bibindent=\dimen102
)
("C:\Program Files (x86)\MiKTeX 2.9\tex\latex\tools\calc.sty"
Package: calc 2007/08/22 v4.3 Infix arithmetic (KKT,FJ)
\calc@Acount=\count88
\calc@Bcount=\count89
\calc@Adimen=\dimen103
\calc@Bdimen=\dimen104
\calc@Askip=\skip43
\calc@Bskip=\skip44
LaTeX Info: Redefining \setlength on input line 76.
LaTeX Info: Redefining \addtolength on input line 77.
\calc@Ccount=\count90
\calc@Cskip=\skip45
)
("C:\Program Files (x86)\MiKTeX 2.9\tex\latex\base\ifthen.sty"
Package: ifthen 2001/05/26 v1.1c Standard LaTeX ifthen package (DPC)
)
("C:\Program Files (x86)\MiKTeX 2.9\tex\generic\babel\babel.sty"
Package: babel 2008/07/08 v3.8m The Babel package

*************************************
* Local config file bblopts.cfg used
*
("C:\Program Files (x86)\MiKTeX 2.9\tex\latex\00miktex\bblopts.cfg"
File: bblopts.cfg 2006/07/31 v1.0 MiKTeX 'babel' configuration
)
("C:\Program Files (x86)\MiKTeX 2.9\tex\generic\babel\english.ldf"
Language: english 2005/03/30 v3.3o English support from the babel system

("C:\Program Files (x86)\MiKTeX 2.9\tex\generic\babel\babel.def"
File: babel.def 2008/07/08 v3.8m Babel common definitions
\babel@savecnt=\count91
\U@D=\dimen105
)
\l@canadian = a dialect from \language\l@american 
\l@australian = a dialect from \language\l@british 
\l@newzealand = a dialect from \language\l@british 
)
("C:\Program Files (x86)\MiKTeX 2.9\tex\generic\babel\portuges.ldf"
Language: portuges 2008/03/18 v1.2q Portuguese support from the babel system
Package babel Info: Making " an active character on input line 145.
)
("C:\Program Files (x86)\MiKTeX 2.9\tex\generic\babel\portuges.ldf"
Language: portuges 2008/03/18 v1.2q Portuguese support from the babel system
\l@brazil = a dialect from \language\l@portuges 
))
(D:\Projects\duartec-projects\Mestrado\Registration-Tese\itabr.babel)
("C:\Program Files (x86)\MiKTeX 2.9\tex\latex\base\inputenc.sty"
Package: inputenc 2008/03/30 v1.1d Input encoding file
\inpenc@prehook=\toks14
\inpenc@posthook=\toks15

("C:\Program Files (x86)\MiKTeX 2.9\tex\latex\base\latin1.def"
File: latin1.def 2008/03/30 v1.1d Input encoding file
))
("C:\Program Files (x86)\MiKTeX 2.9\tex\latex\setspace\setspace.sty"
Package: setspace 2011/12/19 v6.7a set line spacing
)
("C:\Program Files (x86)\MiKTeX 2.9\tex\latex\fancyhdr\fancyhdr.sty"
\fancy@headwidth=\skip46
\f@ncyO@elh=\skip47
\f@ncyO@erh=\skip48
\f@ncyO@olh=\skip49
\f@ncyO@orh=\skip50
\f@ncyO@elf=\skip51
\f@ncyO@erf=\skip52
\f@ncyO@olf=\skip53
\f@ncyO@orf=\skip54
)
("C:\Program Files (x86)\MiKTeX 2.9\tex\latex\amsfonts\amsfonts.sty"
Package: amsfonts 2013/01/14 v3.01 Basic AMSFonts support
\@emptytoks=\toks16
\symAMSa=\mathgroup4
\symAMSb=\mathgroup5
LaTeX Font Info:    Overwriting math alphabet `\mathfrak' in version `bold'
(Font)                  U/euf/m/n --> U/euf/b/n on input line 106.
)
("C:\Program Files (x86)\MiKTeX 2.9\tex\latex\lastpage\lastpage.sty"
Package: lastpage 2013/01/28 v1.2l Refers to last page's name (HMM; JPG)
)
("C:\Program Files (x86)\MiKTeX 2.9\tex\latex\tools\indentfirst.sty"
Package: indentfirst 1995/11/23 v1.03 Indent first paragraph (DPC)
)
("C:\Program Files (x86)\MiKTeX 2.9\tex\latex\caption\caption2.sty"
Package: caption2 2013/02/03 v2.2-62 Customising captions (AR)


Package caption2 Warning: ****************************************************
(caption2)                THIS PACKAGE IS OBSOLETE:
(caption2)                This package attempts to provide an `caption2'
(caption2)                package v2.0/2.1 author environment so that OLD
(caption2)                documents can be successfully processed. It should
(caption2)                NOT be used for NEW documents! New documents should
(caption2)                use the regular `caption' package v3.x instead.
(caption2)                ****************************************************

("C:\Program Files (x86)\MiKTeX 2.9\tex\latex\caption\caption3.sty"
Package: caption3 2013/05/02 v1.6-88 caption3 kernel (AR)
Package caption3 Info: TeX engine: e-TeX on input line 57.

("C:\Program Files (x86)\MiKTeX 2.9\tex\latex\graphics\keyval.sty"
Package: keyval 1999/03/16 v1.13 key=value parser (DPC)
\KV@toks@=\toks17
)
\captionmargin=\dimen106
\captionmargin@=\dimen107
\captionwidth=\dimen108
\caption@tempdima=\dimen109
\caption@indent=\dimen110
\caption@parindent=\dimen111
\caption@hangindent=\dimen112
)
Package caption2 Info: Running in caption2 v2.0 compatibility mode on input lin
e 215.
\captionlinewidth=\dimen113
\realcaptionwidth=\dimen114
)
("C:\Program Files (x86)\MiKTeX 2.9\tex\latex\tools\longtable.sty"
Package: longtable 2004/02/01 v4.11 Multi-page Table package (DPC)
\LTleft=\skip55
\LTright=\skip56
\LTpre=\skip57
\LTpost=\skip58
\LTchunksize=\count92
\LTcapwidth=\dimen115
\LT@head=\box26
\LT@firsthead=\box27
\LT@foot=\box28
\LT@lastfoot=\box29
\LT@cols=\count93
\LT@rows=\count94
\c@LT@tables=\count95
\c@LT@chunks=\count96
\LT@p@ftn=\toks18
)
("C:\Program Files (x86)\MiKTeX 2.9\tex\latex\tools\array.sty"
Package: array 2008/09/09 v2.4c Tabular extension package (FMi)
\col@sep=\dimen116
\extrarowheight=\dimen117
\NC@list=\toks19
\extratabsurround=\skip59
\backup@length=\skip60
)
("C:\Program Files (x86)\MiKTeX 2.9\tex\latex\tools\tabularx.sty"
Package: tabularx 1999/01/07 v2.07 `tabularx' package (DPC)
\TX@col@width=\dimen118
\TX@old@table=\dimen119
\TX@old@col=\dimen120
\TX@target=\dimen121
\TX@delta=\dimen122
\TX@cols=\count97
\TX@ftn=\toks20
)
(D:\Projects\duartec-projects\Mestrado\Registration-Tese\makeglo.sty
Package: makeglo 
\glossentrylen=\skip61
)
("C:\Program Files (x86)\MiKTeX 2.9\tex\latex\graphics\color.sty"
Package: color 2005/11/14 v1.0j Standard LaTeX Color (DPC)

("C:\Program Files (x86)\MiKTeX 2.9\tex\latex\00miktex\color.cfg"
File: color.cfg 2007/01/18 v1.5 color configuration of teTeX/TeXLive
)
Package color Info: Driver file: pdftex.def on input line 130.

("C:\Program Files (x86)\MiKTeX 2.9\tex\latex\pdftex-def\pdftex.def"
File: pdftex.def 2011/05/27 v0.06d Graphics/color for pdfTeX

("C:\Program Files (x86)\MiKTeX 2.9\tex\generic\oberdiek\infwarerr.sty"
Package: infwarerr 2010/04/08 v1.3 Providing info/warning/error messages (HO)
)
("C:\Program Files (x86)\MiKTeX 2.9\tex\generic\oberdiek\ltxcmds.sty"
Package: ltxcmds 2011/11/09 v1.22 LaTeX kernel commands for general use (HO)
)
\Gread@gobject=\count98
))
("C:\Program Files (x86)\MiKTeX 2.9\tex\latex\hyphenat\hyphenat.sty"
Package: hyphenat 2009/09/02 v2.3c hyphenation utilities
\langwohyphens=\language69
LaTeX Info: Redefining \_ on input line 43.
)
("C:\Program Files (x86)\MiKTeX 2.9\tex\latex\base\makeidx.sty"
Package: makeidx 2000/03/29 v1.0m Standard LaTeX package
)
("C:\Program Files (x86)\MiKTeX 2.9\tex\latex\hyperref\hyperref.sty"
Package: hyperref 2012/11/06 v6.83m Hypertext links for LaTeX

("C:\Program Files (x86)\MiKTeX 2.9\tex\generic\oberdiek\hobsub-hyperref.sty"
Package: hobsub-hyperref 2012/04/25 v1.12 Bundle oberdiek, subset hyperref (HO)


("C:\Program Files (x86)\MiKTeX 2.9\tex\generic\oberdiek\hobsub-generic.sty"
Package: hobsub-generic 2012/04/25 v1.12 Bundle oberdiek, subset generic (HO)
Package: hobsub 2012/04/25 v1.12 Construct package bundles (HO)
Package hobsub Info: Skipping package `infwarerr' (already loaded).
Package hobsub Info: Skipping package `ltxcmds' (already loaded).
Package: ifluatex 2010/03/01 v1.3 Provides the ifluatex switch (HO)
Package ifluatex Info: LuaTeX not detected.
Package: ifvtex 2010/03/01 v1.5 Detect VTeX and its facilities (HO)
Package ifvtex Info: VTeX not detected.
Package: intcalc 2007/09/27 v1.1 Expandable calculations with integers (HO)
Package: ifpdf 2011/01/30 v2.3 Provides the ifpdf switch (HO)


! Package ifpdf Error: Name clash, \ifpdf is already defined.

See the ifpdf package documentation for explanation.
Type  H <return>  for immediate help.
 ...                                              
                                                  
l.3539 }
        %
Incompatible versions of \ifpdf can cause problems,
therefore package loading is aborted.

Package: etexcmds 2011/02/16 v1.5 Avoid name clashes with e-TeX commands (HO)
Package etexcmds Info: Could not find \expanded.
(etexcmds)             That can mean that you are not using pdfTeX 1.50 or
(etexcmds)             that some package has redefined \expanded.
(etexcmds)             In the latter case, load this package earlier.
Package: kvsetkeys 2012/04/25 v1.16 Key value parser (HO)
Package: kvdefinekeys 2011/04/07 v1.3 Define keys (HO)
Package: pdftexcmds 2011/11/29 v0.20 Utility functions of pdfTeX for LuaTeX (HO
)
Package pdftexcmds Info: LuaTeX not detected.
Package pdftexcmds Info: \pdf@primitive is available.
Package pdftexcmds Info: \pdf@ifprimitive is available.
Package pdftexcmds Info: \pdfdraftmode found.
Package: pdfescape 2011/11/25 v1.13 Implements pdfTeX's escape features (HO)
Package: bigintcalc 2012/04/08 v1.3 Expandable calculations on big integers (HO
)
Package: bitset 2011/01/30 v1.1 Handle bit-vector datatype (HO)
Package: uniquecounter 2011/01/30 v1.2 Provide unlimited unique counter (HO)
)
Package hobsub Info: Skipping package `hobsub' (already loaded).
Package: letltxmacro 2010/09/02 v1.4 Let assignment for LaTeX macros (HO)
Package: hopatch 2011/06/24 v1.1 Wrapper for package hooks (HO)
Package: xcolor-patch 2011/01/30 xcolor patch
Package: atveryend 2011/06/30 v1.8 Hooks at the very end of document (HO)
Package atveryend Info: \enddocument detected (standard20110627).
Package: atbegshi 2011/10/05 v1.16 At begin shipout hook (HO)
Package: refcount 2011/10/16 v3.4 Data extraction from label references (HO)
Package: hycolor 2011/01/30 v1.7 Color options for hyperref/bookmark (HO)
) ("C:\Program Files (x86)\MiKTeX 2.9\tex\generic\ifxetex\ifxetex.sty"
Package: ifxetex 2010/09/12 v0.6 Provides ifxetex conditional
)
("C:\Program Files (x86)\MiKTeX 2.9\tex\latex\oberdiek\auxhook.sty"
Package: auxhook 2011/03/04 v1.3 Hooks for auxiliary files (HO)
)
("C:\Program Files (x86)\MiKTeX 2.9\tex\latex\oberdiek\kvoptions.sty"
Package: kvoptions 2011/06/30 v3.11 Key value format for package options (HO)
)
\@linkdim=\dimen123
\Hy@linkcounter=\count99
\Hy@pagecounter=\count100

("C:\Program Files (x86)\MiKTeX 2.9\tex\latex\hyperref\pd1enc.def"
File: pd1enc.def 2012/11/06 v6.83m Hyperref: PDFDocEncoding definition (HO)
)
\Hy@SavedSpaceFactor=\count101

("C:\Program Files (x86)\MiKTeX 2.9\tex\latex\00miktex\hyperref.cfg"
File: hyperref.cfg 2002/06/06 v1.2 hyperref configuration of TeXLive
)
Package hyperref Info: Option `debug' set `true' on input line 4319.


Package hyperref Warning: Option `a4paper' is no longer used.

Package hyperref Info: Option `breaklinks' set `true' on input line 4319.
Package hyperref Info: Option `bookmarksopen' set `true' on input line 4319.
Package hyperref Info: Option `colorlinks' set `true' on input line 4319.
Package hyperref Info: Option `bookmarksnumbered' set `true' on input line 4319
.
Package hyperref Info: Option `hyperindex' set `true' on input line 4319.
Package hyperref Info: Option `verbose' set `true' on input line 4319.
Package hyperref Info: Hyper figures OFF on input line 4443.
Package hyperref Info: Link nesting OFF on input line 4448.
Package hyperref Info: Hyper index ON on input line 4451.
Package hyperref Info: Plain pages OFF on input line 4458.
Package hyperref Info: Backreferencing ON on input line 4461.
Package hyperref Info: Implicit mode ON; LaTeX internals redefined.
Package hyperref Info: Bookmarks ON on input line 4688.
("C:\Program Files (x86)\MiKTeX 2.9\tex\latex\hyperref\backref.sty"
Package: backref 2012/07/25 v1.38 Bibliographical back referencing

("C:\Program Files (x86)\MiKTeX 2.9\tex\latex\oberdiek\rerunfilecheck.sty"
Package: rerunfilecheck 2011/04/15 v1.7 Rerun checks for auxiliary files (HO)
Package uniquecounter Info: New unique counter `rerunfilecheck' on input line 2
82.
))
\c@Hy@tempcnt=\count102

("C:\Program Files (x86)\MiKTeX 2.9\tex\latex\url\url.sty"
\Urlmuskip=\muskip10
Package: url 2013/09/16  ver 3.4  Verb mode for urls, etc.
)
LaTeX Info: Redefining \url on input line 5041.
\XeTeXLinkMargin=\dimen124
\Fld@menulength=\count103
\Field@Width=\dimen125
\Fld@charsize=\dimen126
Package hyperref Info: Hyper figures OFF on input line 6295.
Package hyperref Info: Link nesting OFF on input line 6300.
Package hyperref Info: Hyper index ON on input line 6303.
Package hyperref Info: backreferencing ON on input line 6308.
Package hyperref Info: Link coloring ON on input line 6313.
Package hyperref Info: Link coloring with OCG OFF on input line 6320.
Package hyperref Info: PDF/A mode OFF on input line 6325.
LaTeX Info: Redefining \ref on input line 6365.
LaTeX Info: Redefining \pageref on input line 6369.
\Hy@abspage=\count104
\c@Item=\count105
\c@Hfootnote=\count106
)

Package hyperref Message: Driver (autodetected): hpdftex.

("C:\Program Files (x86)\MiKTeX 2.9\tex\latex\hyperref\hpdftex.def"
File: hpdftex.def 2012/11/06 v6.83m Hyperref driver for pdfTeX
\Fld@listcount=\count107
\c@bookmark@seq@number=\count108
\Hy@SectionHShift=\skip62
)
("C:\Program Files (x86)\MiKTeX 2.9\tex\latex\ae\ae.sty"
Package: ae 2001/02/12 1.3 Almost European Computer Modern

("C:\Program Files (x86)\MiKTeX 2.9\tex\latex\base\fontenc.sty"
Package: fontenc 2005/09/27 v1.99g Standard LaTeX package

("C:\Program Files (x86)\MiKTeX 2.9\tex\latex\base\t1enc.def"
File: t1enc.def 2005/09/27 v1.99g Standard LaTeX file
LaTeX Font Info:    Redeclaring font encoding T1 on input line 43.
)
LaTeX Font Info:    Try loading font information for T1+aer on input line 100.

("C:\Program Files (x86)\MiKTeX 2.9\tex\latex\ae\t1aer.fd"
File: t1aer.fd 1997/11/16 Font definitions for T1/aer.
)))
("C:\Program Files (x86)\MiKTeX 2.9\tex\latex\graphics\graphicx.sty"
Package: graphicx 1999/02/16 v1.0f Enhanced LaTeX Graphics (DPC,SPQR)

("C:\Program Files (x86)\MiKTeX 2.9\tex\latex\graphics\graphics.sty"
Package: graphics 2009/02/05 v1.0o Standard LaTeX Graphics (DPC,SPQR)

("C:\Program Files (x86)\MiKTeX 2.9\tex\latex\graphics\trig.sty"
Package: trig 1999/03/16 v1.09 sin cos tan (DPC)
)
("C:\Program Files (x86)\MiKTeX 2.9\tex\latex\00miktex\graphics.cfg"
File: graphics.cfg 2007/01/18 v1.5 graphics configuration of teTeX/TeXLive
)
Package graphics Info: Driver file: pdftex.def on input line 91.
)
\Gin@req@height=\dimen127
\Gin@req@width=\dimen128
)
("C:\Program Files (x86)\MiKTeX 2.9\tex\latex\geometry\geometry.sty"
Package: geometry 2010/09/12 v5.6 Page Geometry
\Gm@cnth=\count109
\Gm@cntv=\count110
\c@Gm@tempcnt=\count111
\Gm@bindingoffset=\dimen129
\Gm@wd@mp=\dimen130
\Gm@odd@mp=\dimen131
\Gm@even@mp=\dimen132
\Gm@layoutwidth=\dimen133
\Gm@layoutheight=\dimen134
\Gm@layouthoffset=\dimen135
\Gm@layoutvoffset=\dimen136
\Gm@dimlist=\toks21

("C:\Program Files (x86)\MiKTeX 2.9\tex\latex\geometry\geometry.cfg"))
(D:\Projects\duartec-projects\Mestrado\Registration-Tese\abntcite.sty
(D:\Projects\duartec-projects\Mestrado\Registration-Tese\cvs-id.def)
Package: abntcite 2003/10/13 v1.26 Chamadas de referencias no texto (NBR10520)

(D:\Projects\duartec-projects\Mestrado\Registration-Tese\abntex-abrev.sty
(D:\Projects\duartec-projects\Mestrado\Registration-Tese\cvs-id.def)
Package: abntex-abrev 2005/11/14 v1.4 Abreviacoes

(D:\Projects\duartec-projects\Mestrado\Registration-Tese\nbr10522-1988.def
(D:\Projects\duartec-projects\Mestrado\Registration-Tese\cvs-id.def)
File: nbr10522-1988.def 2003/10/13 v1.2 Abreviacoes bibliograficas (NBR10522:19
88)
)
(D:\Projects\duartec-projects\Mestrado\Registration-Tese\abntex-abrev-pt_BR.def
(D:\Projects\duartec-projects\Mestrado\Registration-Tese\cvs-id.def)
File: abntex-abrev-pt_BR.def 2005/11/14 v1.3 definicao de abntex-abrev, traduca
o de termos en_US/pt_BR
))
(D:\Projects\duartec-projects\Mestrado\Registration-Tese\nbr10520-2002.def
(D:\Projects\duartec-projects\Mestrado\Registration-Tese\cvs-id.def)
File: nbr10520-2002.def 2006/04/25 v1.4 Definicoes para abntcite (NBR10520:2002
)

! Undefined control sequence.
l.21 \addtociteoptionlist
                         {abnt-nbr10520=2002}
The control sequence at the end of the top line
of your error message was never \def'ed. If you have
misspelled it (e.g., `\hobx'), type `I' and the correct
spelling (e.g., `I\hbox'). Otherwise just continue,
and I'll forget about whatever was undefined.


! LaTeX Error: Missing \begin{document}.

See the LaTeX manual or LaTeX Companion for explanation.
Type  H <return>  for immediate help.
 ...                                              
                                                  
l.21 \addtociteoptionlist{a
                           bnt-nbr10520=2002}
You're in trouble here.  Try typing  <return>  to proceed.
If that doesn't work, type  X <return>  to quit.

)
\minimumbiblabelwidth=\skip63
\ABCIauxlen=\skip64
\c@ABCIaux=\count112
\c@ABCImax=\count113
 ("C:\Program Files (x86)\MiKTeX 2.9\tex\latex\ltxmisc\relsize.sty"
Package: relsize 2003/07/04 ver 3.1
)
\biblabelsep=\skip65
LaTeX Info: Redefining \newblock on input line 562.
LaTeX Info: Redefining \cite on input line 589.
\ABCItoken=\toks22
)
\c@mecounter=\count114
\c@kwcipcounter=\count115
\nohyphen=\language70
)
\@glossaryfile=\write3

Writing glossary file template_Article.glo 
! Undefined control sequence.
\set@color ...\@pdfcolorstack push{\current@color 
                                                  }\aftergroup \reset@color 
l.78 \frontmatter
                 
The control sequence at the end of the top line
of your error message was never \def'ed. If you have
misspelled it (e.g., `\hobx'), type `I' and the correct
spelling (e.g., `I\hbox'). Otherwise just continue,
and I'll forget about whatever was undefined.

! Undefined control sequence.
\set@color ...\@pdfcolorstack push{\current@color 
                                                  }\aftergroup \reset@color 
l.78 \frontmatter
                 
The control sequence at the end of the top line
of your error message was never \def'ed. If you have
misspelled it (e.g., `\hobx'), type `I' and the correct
spelling (e.g., `I\hbox'). Otherwise just continue,
and I'll forget about whatever was undefined.

[1{C:/ProgramData/MiKTeX/2.9/pdftex/config/pdftex.map}

]
(D:\Projects\duartec-projects\Mestrado\Registration-Tese\template_Article.aux)
LaTeX Font Info:    Checking defaults for OML/cmm/m/it on input line 80.
LaTeX Font Info:    ... okay on input line 80.
LaTeX Font Info:    Checking defaults for T1/cmr/m/n on input line 80.
LaTeX Font Info:    ... okay on input line 80.
LaTeX Font Info:    Checking defaults for OT1/cmr/m/n on input line 80.
LaTeX Font Info:    ... okay on input line 80.
LaTeX Font Info:    Checking defaults for OMS/cmsy/m/n on input line 80.
LaTeX Font Info:    ... okay on input line 80.
LaTeX Font Info:    Checking defaults for OMX/cmex/m/n on input line 80.
LaTeX Font Info:    ... okay on input line 80.
LaTeX Font Info:    Checking defaults for U/cmr/m/n on input line 80.
LaTeX Font Info:    ... okay on input line 80.
LaTeX Font Info:    Checking defaults for PD1/pdf/m/n on input line 80.
LaTeX Font Info:    ... okay on input line 80.
Package lastpage Info: Please have a look at the pageslts package at
(lastpage)             http://www.ctan.org/tex-archive/ 
(lastpage)             macros/latex/contrib/pageslts/ 
(lastpage)             or
(lastpage)             http://www.ctan.org/tex-archive/ 
(lastpage)             install/macros/latex/contrib/pageslts.tds.zip
(lastpage)             ! on input line 80.
Package caption Info: Begin \AtBeginDocument code.
Package caption Info: End \AtBeginDocument code.

("C:\Program Files (x86)\MiKTeX 2.9\tex\context\base\supp-pdf.mkii"
[Loading MPS to PDF converter (version 2006.09.02).]
\scratchcounter=\count116
\scratchdimen=\dimen137
\scratchbox=\box30
\nofMPsegments=\count117
\nofMParguments=\count118
\everyMPshowfont=\toks23
\MPscratchCnt=\count119
\MPscratchDim=\dimen138
\MPnumerator=\count120
\makeMPintoPDFobject=\count121
\everyMPtoPDFconversion=\toks24
)
\AtBeginShipoutBox=\box31
Package hyperref Info: Link coloring ON on input line 80.
 ("C:\Program Files (x86)\MiKTeX 2.9\tex\latex\hyperref\nameref.sty"
Package: nameref 2012/10/27 v2.43 Cross-referencing by name of section

("C:\Program Files (x86)\MiKTeX 2.9\tex\generic\oberdiek\gettitlestring.sty"
Package: gettitlestring 2010/12/03 v1.4 Cleanup title references (HO)
)
\c@section@level=\count122
)
LaTeX Info: Redefining \ref on input line 80.
LaTeX Info: Redefining \pageref on input line 80.
LaTeX Info: Redefining \nameref on input line 80.

(D:\Projects\duartec-projects\Mestrado\Registration-Tese\template_Article.out)
(D:\Projects\duartec-projects\Mestrado\Registration-Tese\template_Article.out)
\@outlinefile=\write4
Package hyperref Info: Anchor `Doc-Start' on input line 80.

*geometry* detected driver: pdftex
*geometry* verbose mode - [ preamble ] result:
* driver: pdftex
* paper: a4paper
* layout: <same size as paper>
* layoutoffset:(h,v)=(0.0pt,0.0pt)
* modes: 
* h-part:(L,W,R)=(85.35826pt, 455.24411pt, 56.9055pt)
* v-part:(T,H,B)=(85.35826pt, 702.78308pt, 56.9055pt)
* \paperwidth=597.50787pt
* \paperheight=845.04684pt
* \textwidth=455.24411pt
* \textheight=702.78308pt
* \oddsidemargin=13.08827pt
* \evensidemargin=13.08827pt
* \topmargin=-17.07156pt
* \headheight=15.93347pt
* \headsep=14.22636pt
* \topskip=12.0pt
* \footskip=35.24373pt
* \marginparwidth=38.0pt
* \marginparsep=7.0pt
* \columnsep=10.0pt
* \skip\footins=10.8pt plus 4.0pt minus 2.0pt
* \hoffset=0.0pt
* \voffset=0.0pt
* \mag=1000
* \@twocolumnfalse
* \@twosidefalse
* \@mparswitchfalse
* \@reversemarginfalse
* (1in=72.27pt=25.4mm, 1cm=28.453pt)

\c@butlastpage=\count123
Package hyperref Info: Anchor `titulo.0' on input line 83.
LaTeX Font Info:    Try loading font information for U+msa on input line 83.
("C:\Program Files (x86)\MiKTeX 2.9\tex\latex\amsfonts\umsa.fd"
File: umsa.fd 2013/01/14 v3.01 AMS symbols A
)
LaTeX Font Info:    Try loading font information for U+msb on input line 83.

("C:\Program Files (x86)\MiKTeX 2.9\tex\latex\amsfonts\umsb.fd"
File: umsb.fd 2013/01/14 v3.01 AMS symbols B
)
Package hyperref Info: Anchor `page.i' on input line 83.
 [1


]
Package hyperref Info: Anchor `cip.0' on input line 83.

Underfull \hbox (badness 10000) in paragraph at lines 83--83

 []

Package hyperref Info: Anchor `page.ii' on input line 83.
[2]
Package hyperref Info: Anchor `aprovacao.0' on input line 83.
Package hyperref Info: Anchor `page.iii' on input line 83.
 [3]
Package hyperref Info: Anchor `dedication.0' on input line 86.
Package hyperref Info: Anchor `page.iv' on input line 88.
 [4]
Package hyperref Info: Anchor `chapter*.1' on input line 92.
Package hyperref Info: Anchor `acknowledgment.0' on input line 92.

(D:\Projects\duartec-projects\Mestrado\Registration-Tese\parts/agradecimentos.t
ex)
Package hyperref Info: Anchor `page.v' on input line 93.
 [5

]
Package hyperref Info: Anchor `epigrafe.0' on input line 97.
LaTeX Font Info:    Try loading font information for T1+aess on input line 101.

 ("C:\Program Files (x86)\MiKTeX 2.9\tex\latex\ae\t1aess.fd"
File: t1aess.fd 1997/11/16 Font definitions for T1/aess.
)
LaTeX Font Info:    Font shape `T1/aess/m/it' in size <12> not available
(Font)              Font shape `T1/aess/m/sl' tried instead on input line 101.
Package hyperref Info: Anchor `page.vi' on input line 109.
 [6]
Package hyperref Info: Anchor `chapter*.2' on input line 109.
Package hyperref Info: Anchor `resumo.0' on input line 109.

(D:\Projects\duartec-projects\Mestrado\Registration-Tese\parts/resumo.tex)
Package hyperref Info: Anchor `page.vii' on input line 117.

[7

]
Package hyperref Info: Anchor `chapter*.3' on input line 117.
Package hyperref Info: Anchor `abstract.0' on input line 117.
 (D:\Projects\duartec-projects\Mestrado\Registration-Tese\parts/abstract.tex)
Package hyperref Info: Anchor `page.viii' on input line 125.
 [8

]
Package hyperref Info: Anchor `chapter*.4' on input line 125.
Package hyperref Info: Anchor `contents.0' on input line 125.

(D:\Projects\duartec-projects\Mestrado\Registration-Tese\template_Article.toc
Underfull \hbox (badness 10000) in paragraph at lines 2--2
 [][]  
 []

Package hyperref Info: Reference (link) `chapter*.5' on input line 2.

Underfull \hbox (badness 10000) in paragraph at lines 3--3
 [][]  
 []

Package hyperref Info: Reference (link) `chapter*.6' on input line 3.

Underfull \hbox (badness 10000) in paragraph at lines 4--4
 [][]  
 []

Package hyperref Info: Reference (link) `chapter*.7' on input line 4.

Underfull \hbox (badness 10000) in paragraph at lines 5--5
 [][]  
 []

Package hyperref Info: Reference (link) `chapter.1' on input line 5.

Underfull \hbox (badness 10000) in paragraph at lines 6--6
 [][]  
 []

Package hyperref Info: Reference (link) `chapter.2' on input line 6.

Underfull \hbox (badness 10000) in paragraph at lines 7--7
 [][]  
 []

Package hyperref Info: Reference (link) `chapter.3' on input line 7.
Package hyperref Info: Reference (link) `section.3.1' on input line 8.
Package hyperref Info: Reference (link) `section.3.2' on input line 9.

Underfull \hbox (badness 10000) in paragraph at lines 10--10
 [][]  
 []

Package hyperref Info: Reference (link) `chapter.4' on input line 10.
Package hyperref Info: Reference (link) `subsection.4.0.1' on input line 11.
Package hyperref Info: Reference (link) `subsection.4.0.2' on input line 12.

Underfull \hbox (badness 10000) in paragraph at lines 17--17
 [][]  
 []

Package hyperref Info: Reference (link) `chapter.5' on input line 17.
)
\tf@toc=\write5
Package hyperref Info: Anchor `page.ix' on input line 127.
 [9

Package `hyperref' Info: End of reference (link) `chapter*.5', line 2.
Package `hyperref' Info: End of reference (link) `chapter*.6', line 3.
Package `hyperref' Info: End of reference (link) `chapter*.7', line 4.
Package `hyperref' Info: End of reference (link) `chapter.1', line 5.
Package `hyperref' Info: End of reference (link) `chapter.2', line 6.
Package `hyperref' Info: End of reference (link) `chapter.3', line 7.
Package `hyperref' Info: End of reference (link) `section.3.1', line 8.
Package `hyperref' Info: End of reference (link) `section.3.2', line 9.
Package `hyperref' Info: End of reference (link) `chapter.4', line 10.
Package `hyperref' Info: End of reference (link) `subsection.4.0.1', line 11.
Package `hyperref' Info: End of reference (link) `subsection.4.0.2', line 12.
Package `hyperref' Info: End of reference (link) `chapter.5', line 17.
]
Package hyperref Info: Anchor `chapter*.5' on input line 127.

pdftex: bookmark at 127: {0} {Lista de Figuras} {chapter*.5}{0}{toc}
(D:\Projects\duartec-projects\Mestrado\Registration-Tese\template_Article.lof
Package hyperref Info: Reference (link) `figure.4.1' on input line 6.
Package hyperref Info: Reference (link) `figure.4.2' on input line 7.
Package hyperref Info: Reference (link) `figure.4.3' on input line 8.
)
\tf@lof=\write6
Package hyperref Info: Anchor `page.x' on input line 129.

[10

Package `hyperref' Info: End of reference (link) `figure.4.1', line 6.
Package `hyperref' Info: End of reference (link) `figure.4.2', line 7.
Package `hyperref' Info: End of reference (link) `figure.4.3', line 8.
]
Package hyperref Info: Anchor `chapter*.6' on input line 129.

pdftex: bookmark at 129: {0} {Lista de Tabelas} {chapter*.6}{0}{toc}
(D:\Projects\duartec-projects\Mestrado\Registration-Tese\template_Article.lot)
\tf@lot=\write7
Package hyperref Info: Anchor `page.xi' on input line 131.

[11

]
Package hyperref Info: Anchor `chapter*.7' on input line 131.

pdftex: bookmark at 131: {0} {Lista de Abreviaturas e Siglas} {chapter*.7}{0}{t
oc}
(D:\Projects\duartec-projects\Mestrado\Registration-Tese\template_Article.lof)
\tf@lof=\write8

(D:\Projects\duartec-projects\Mestrado\Registration-Tese\parts/acronimos.tex)
Package hyperref Info: Anchor `page.xii' on input line 137.

[12

]
Package hyperref Info: Anchor `chapter.1' on input line 140.

Cap\'{\i }tulo 1.
pdftex: bookmark at 140: {1} {\numberline{1}Motiva\c c\~ao} {chapter.1}{0}{toc}

(D:\Projects\duartec-projects\Mestrado\Registration-Tese\parts/motivacao.tex
Package hyperref Info: Anchor `page.13' on input line 9.

[13


]
LaTeX Font Info:    Try loading font information for OMS+aer on input line 10.
 ("C:\Program Files (x86)\MiKTeX 2.9\tex\latex\ae\omsaer.fd"
File: omsaer.fd 1999/12/27
)
LaTeX Font Info:    Font shape `OMS/aer/m/n' in size <12> not available
(Font)              Font shape `OMS/cmsy/m/n' tried instead on input line 10.
)
Package hyperref Info: Anchor `page.14' on input line 143.
 [14]
Package hyperref Info: Anchor `chapter.2' on input line 143.

Cap\'{\i }tulo 2.
pdftex: bookmark at 143: {2} {\numberline{2}Objetivo} {chapter.2}{0}{toc}
(D:\Projects\duartec-projects\Mestrado\Registration-Tese\parts/objetivo.tex)
Package hyperref Info: Anchor `page.15' on input line 147.

[15

]
Package hyperref Info: Anchor `chapter.3' on input line 147.

Cap\'{\i }tulo 3.
pdftex: bookmark at 147: {3} {\numberline{3}Restri\c c\~oes} {chapter.3}{0}{toc
}

(D:\Projects\duartec-projects\Mestrado\Registration-Tese\parts/variaveiscontorn
o.tex
Package hyperref Info: Anchor `section.3.1' on input line 1.

pdftex: bookmark at 1: {3.1} {\numberline{3.1}Vari\'aveis de contorno} {section
.3.1}{1}{toc}
) (D:\Projects\duartec-projects\Mestrado\Registration-Tese\parts/restricoes.tex
Package hyperref Info: Anchor `section.3.2' on input line 1.
pdftex: bookmark at 1: {3.2} {\numberline{3.2}Restri\c c\~oes} {section.3.2}{1}
{toc}
Package hyperref Info: Anchor `page.16' on input line 7.
[16

])
Package hyperref Info: Anchor `page.17' on input line 151.
 [17]
Package hyperref Info: Anchor `chapter.4' on input line 151.

Cap\'{\i }tulo 4.
pdftex: bookmark at 151: {4} {\numberline{4}Conceitos} {chapter.4}{0}{toc}
(D:\Projects\duartec-projects\Mestrado\Registration-Tese\parts/conceitos.tex
Package hyperref Info: Anchor `subsection.4.0.1' on input line 1.


Package hyperref Warning: Difference (2) between bookmark levels is greater 
(hyperref)                than one, level fixed on input line 1.

pdftex: bookmark at 1: {4.0.1} {\numberline{4.0.1}Realidade Aumentada} {subsect
ion.4.0.1}{2}{toc}
Package hyperref Info: Anchor `subsection.4.0.2' on input line 6.
pdftex: bookmark at 6: {4.0.2} {\numberline{4.0.2}Head-Mounted Displays} {subse
ction.4.0.2}{2}{toc}
Package hyperref Info: Anchor `page.18' on input line 12.
[18

]
Package hyperref Info: Anchor `subsubsection.4.0.2.1' on input line 12.

pdftex: bookmark at 12: {4.0.2.1} {\numberline{4.0.2.1}Feed-Through} {subsubsec
tion.4.0.2.1}{3}{toc}
<images/feedthrough.jpg, id=200, 469.755pt x 258.9675pt>
File: images/feedthrough.jpg Graphic file (type jpg)

<use images/feedthrough.jpg>
Package pdftex.def Info: images/feedthrough.jpg used on input line 17.
(pdftex.def)             Requested size: 328.82626pt x 181.27599pt.

pdftex: bookmark at 18: {4.1} {\numberline{4.1}{\ignorespaces Arquitetura do Fe
ed-Trough.}} {figure.4.1}{0}{lof}
Package hyperref Info: Anchor `figure.4.1' on input line 18.
Package hyperref Info: Anchor `subsubsection.4.0.2.2' on input line 23.
pdftex: bookmark at 23: {4.0.2.2} {\numberline{4.0.2.2}See-Through} {subsubsect
ion.4.0.2.2}{3}{toc}
<images/seethrough.jpg, id=201, 469.755pt x 258.9675pt>
File: images/seethrough.jpg Graphic file (type jpg)

<use images/seethrough.jpg>
Package pdftex.def Info: images/seethrough.jpg used on input line 28.
(pdftex.def)             Requested size: 328.82626pt x 181.27599pt.

pdftex: bookmark at 29: {4.2} {\numberline{4.2}{\ignorespaces Arquitetura do Se
e-Trough.}} {figure.4.2}{0}{lof}
Package hyperref Info: Anchor `figure.4.2' on input line 29.

LaTeX Warning: `!h' float specifier changed to `!ht'.

Package hyperref Info: Anchor `subsubsection.4.0.2.3' on input line 34.
pdftex: bookmark at 34: {4.0.2.3} {\numberline{4.0.2.3}Projetores} {subsubsecti
on.4.0.2.3}{3}{toc}

! Package inputenc Error: Keyboard character used is undefined
(inputenc)                in inputencoding `latin1'.

See the inputenc package documentation for explanation.
Type  H <return>  for immediate help.
 ...                                              
                                                  
l.35 ...bjetos como carros, pessoas, prédios, etc…
                                                  .
You need to provide a definition with \DeclareInputText 
or \DeclareInputMath before using this key.

Package hyperref Info: Anchor `page.19' on input line 37.
[19 <D:/Projects/duartec-projects/Mestrado/Registration-Tese/images/feedthrough
.jpg>]
Package hyperref Info: Anchor `subsubsection.4.0.2.4' on input line 38.

pdftex: bookmark at 38: {4.0.2.4} {\numberline{4.0.2.4}Monitores} {subsubsectio
n.4.0.2.4}{3}{toc}
<images/monitores.jpg, id=208, 379.4175pt x 285.31593pt>
File: images/monitores.jpg Graphic file (type jpg)

<use images/monitores.jpg>
Package pdftex.def Info: images/monitores.jpg used on input line 43.
(pdftex.def)             Requested size: 265.59042pt x 199.71979pt.

pdftex: bookmark at 44: {4.3} {\numberline{4.3}{\ignorespaces Realidade Aumenta
da com projetores.}} {figure.4.3}{0}{lof}
Package hyperref Info: Anchor `figure.4.3' on input line 44.

LaTeX Warning: `!h' float specifier changed to `!ht'.

) (D:\Projects\duartec-projects\Mestrado\Registration-Tese\template_Article.bbl
)
Package hyperref Info: Anchor `page.20' on input line 173.
 [20 <D:/Projects/duartec-projects/Mestrado/Registration-Tese/images/seethrough
.jpg>]
Package hyperref Info: Anchor `page.21' on input line 173.
 [21 <D:/Projects/duartec-projects/Mestrado/Registration-Tese/images/monitores.
jpg>]
Package hyperref Info: Anchor `chapter.5' on input line 173.

pdftex: bookmark at 174: {5} {Gloss\'ario} {chapter.5}{0}{toc}
No file template_Article.gls
\bottommargin=\skip66
\rightmarginn=\skip67
Package hyperref Info: Anchor `bla.0' on input line 188.
(D:\Projects\duartec-projects\Mestrado\Registration-Tese\parts/resumo.tex)
(D:\Projects\duartec-projects\Mestrado\Registration-Tese\parts/resumo.tex)
(D:\Projects\duartec-projects\Mestrado\Registration-Tese\parts/resumo.tex)
Overfull \hbox (74.53033pt too wide) in paragraph at lines 188--188
[][] 
 []


AED: lastpage setting LastPage
Package hyperref Info: Anchor `page.22' on input line 190.
[22



]
Package atveryend Info: Empty hook `BeforeClearDocument' on input line 190.
Package atveryend Info: Empty hook `AfterLastShipout' on input line 190.

(D:\Projects\duartec-projects\Mestrado\Registration-Tese\template_Article.aux)
Package atveryend Info: Executing hook `AtVeryEndDocument' on input line 190.
Package atveryend Info: Executing hook `AtEndAfterFileList' on input line 190.
Package rerunfilecheck Info: File `template_Article.out' has not changed.
(rerunfilecheck)             Checksum: 0FD75DBB23A35725772A82407EEAFA27;1226.
Package atveryend Info: Empty hook `AtVeryVeryEnd' on input line 190.
 ) 
Here is how much of TeX's memory you used:
 8391 strings out of 493921
 127408 string characters out of 3144869
 220298 words of memory out of 3000000
 11351 multiletter control sequences out of 15000+200000
 51353 words of font info for 104 fonts, out of 3000000 for 9000
 841 hyphenation exceptions out of 8191
 43i,12n,45p,710b,468s stack positions out of 5000i,500n,10000p,200000b,50000s
<C:/Program Files (x86)/MiKTeX 2.9/fonts/type1/public/amsfonts/cm/cmbx10.pfb>
<C:/Program Files (x86)/MiKTeX 2.9/fonts/type1/public/amsfonts/cm/cmbx12.pfb><C
:/Program Files (x86)/MiKTeX 2.9/fonts/type1/public/amsfonts/cm/cmcsc10.pfb><C:
/Program Files (x86)/MiKTeX 2.9/fonts/type1/public/amsfonts/cm/cmmi7.pfb><C:/Pr
ogram Files (x86)/MiKTeX 2.9/fonts/type1/public/amsfonts/cm/cmr10.pfb><C:/Progr
am Files (x86)/MiKTeX 2.9/fonts/type1/public/amsfonts/cm/cmr12.pfb><C:/Program 
Files (x86)/MiKTeX 2.9/fonts/type1/public/amsfonts/cm/cmr6.pfb><C:/Program File
s (x86)/MiKTeX 2.9/fonts/type1/public/amsfonts/cm/cmr7.pfb><C:/Program Files (x
86)/MiKTeX 2.9/fonts/type1/public/amsfonts/cm/cmr8.pfb><C:/Program Files (x86)/
MiKTeX 2.9/fonts/type1/public/amsfonts/cm/cmssi12.pfb><C:/Program Files (x86)/M
iKTeX 2.9/fonts/type1/public/amsfonts/cm/cmsy10.pfb><C:/Program Files (x86)/MiK
TeX 2.9/fonts/type1/public/amsfonts/cm/cmti12.pfb>
Output written on template_Article.pdf (23 pages, 339035 bytes).
PDF statistics:
 280 PDF objects out of 1000 (max. 8388607)
 56 named destinations out of 1000 (max. 500000)
 192 words of extra memory for PDF output out of 10000 (max. 10000000)

