\BOOKMARK [0][]{titulo.0}{Folha de Rosto}{}% 1
\BOOKMARK [0][]{cip.0}{Verso da Folha de Rosto}{}% 2
\BOOKMARK [0][]{aprovacao.0}{Folha da Banca}{}% 3
\BOOKMARK [0][]{dedication.0}{Dedicat\363ria}{}% 4
\BOOKMARK [0][]{acknowledgment.0}{Agradecimentos}{}% 5
\BOOKMARK [0][]{epigrafe.0}{Ep\355grafe}{}% 6
\BOOKMARK [0][]{resumo.0}{Resumo}{}% 7
\BOOKMARK [0][]{abstract.0}{Abstract}{}% 8
\BOOKMARK [0][]{contents.0}{Sum\341rio}{}% 9
\BOOKMARK [0][]{chapter*.5}{Lista de Figuras}{}% 10
\BOOKMARK [0][]{chapter*.6}{Lista de Tabelas}{}% 11
\BOOKMARK [0][]{chapter*.7}{Lista de Abreviaturas e Siglas}{}% 12
\BOOKMARK [0][]{chapter.1}{1 Motiva\347\343o}{}% 13
\BOOKMARK [0][]{chapter.2}{2 Objetivo}{}% 14
\BOOKMARK [0][]{chapter.3}{3 Restri\347\365es}{}% 15
\BOOKMARK [1][]{section.3.1}{3.1 Vari\341veis de contorno}{chapter.3}% 16
\BOOKMARK [1][]{section.3.2}{3.2 Restri\347\365es}{chapter.3}% 17
\BOOKMARK [0][]{chapter.4}{4 Conceitos}{}% 18
\BOOKMARK [1][]{subsection.4.0.1}{4.0.1 Realidade Aumentada}{chapter.4}% 19
\BOOKMARK [2][]{subsection.4.0.2}{4.0.2 Head-Mounted Displays}{subsection.4.0.1}% 20
\BOOKMARK [0][]{chapter.5}{Gloss\341rio}{}% 21
\BOOKMARK [0][]{bla.0}{Folha de Registro do Documento}{}% 22
