This is pdfTeX, Version 3.1415926-2.4-1.40.13 (MiKTeX 2.9) (preloaded format=latex 2013.5.4)  9 MAY 2013 02:47
entering extended mode
**template.tex
(F:\Projects\duartec-projects\GENESIS-REPORT\template.tex
LaTeX2e <2011/06/27>
Babel <v3.8m> and hyphenation patterns for english, afrikaans, ancientgreek, ar
abic, armenian, assamese, basque, bengali, bokmal, bulgarian, catalan, coptic, 
croatian, czech, danish, dutch, esperanto, estonian, farsi, finnish, french, ga
lician, german, german-x-2012-05-30, greek, gujarati, hindi, hungarian, iceland
ic, indonesian, interlingua, irish, italian, kannada, kurmanji, latin, latvian,
 lithuanian, malayalam, marathi, mongolian, mongolianlmc, monogreek, ngerman, n
german-x-2012-05-30, nynorsk, oriya, panjabi, pinyin, polish, portuguese, roman
ian, russian, sanskrit, serbian, slovak, slovenian, spanish, swedish, swissgerm
an, tamil, telugu, turkish, turkmen, ukenglish, ukrainian, uppersorbian, usengl
ishmax, welsh, loaded.
("C:\Program Files (x86)\MiKTeX 2.9\tex\latex\base\article.cls"
Document Class: article 2007/10/19 v1.4h Standard LaTeX document class
("C:\Program Files (x86)\MiKTeX 2.9\tex\latex\base\size12.clo"
File: size12.clo 2007/10/19 v1.4h Standard LaTeX file (size option)
)
\c@part=\count79
\c@section=\count80
\c@subsection=\count81
\c@subsubsection=\count82
\c@paragraph=\count83
\c@subparagraph=\count84
\c@figure=\count85
\c@table=\count86
\abovecaptionskip=\skip41
\belowcaptionskip=\skip42
\bibindent=\dimen102
)
("C:\Program Files (x86)\MiKTeX 2.9\tex\latex\multirow\multirow.sty"
\bigstrutjot=\dimen103
)
("C:\Program Files (x86)\MiKTeX 2.9\tex\latex\was\gensymb.sty"
Package: gensymb 2003/07/02 v1.0 (WaS)
)
("C:\Program Files (x86)\MiKTeX 2.9\tex\latex\booktabs\booktabs.sty"
Package: booktabs 2005/04/14 v1.61803 publication quality tables
\heavyrulewidth=\dimen104
\lightrulewidth=\dimen105
\cmidrulewidth=\dimen106
\belowrulesep=\dimen107
\belowbottomsep=\dimen108
\aboverulesep=\dimen109
\abovetopsep=\dimen110
\cmidrulesep=\dimen111
\cmidrulekern=\dimen112
\defaultaddspace=\dimen113
\@cmidla=\count87
\@cmidlb=\count88
\@aboverulesep=\dimen114
\@belowrulesep=\dimen115
\@thisruleclass=\count89
\@lastruleclass=\count90
\@thisrulewidth=\dimen116
)
("C:\Program Files (x86)\MiKTeX 2.9\tex\latex\tools\array.sty"
Package: array 2008/09/09 v2.4c Tabular extension package (FMi)
\col@sep=\dimen117
\extrarowheight=\dimen118
\NC@list=\toks14
\extratabsurround=\skip43
\backup@length=\skip44
)
("C:\Program Files (x86)\MiKTeX 2.9\tex\latex\tools\dcolumn.sty"
Package: dcolumn 2001/05/28 v1.06 decimal alignment package (DPC)
)
("C:\Program Files (x86)\MiKTeX 2.9\tex\latex\geometry\geometry.sty"
Package: geometry 2010/09/12 v5.6 Page Geometry

("C:\Program Files (x86)\MiKTeX 2.9\tex\latex\graphics\keyval.sty"
Package: keyval 1999/03/16 v1.13 key=value parser (DPC)
\KV@toks@=\toks15
)
("C:\Program Files (x86)\MiKTeX 2.9\tex\generic\oberdiek\ifpdf.sty"
Package: ifpdf 2011/01/30 v2.3 Provides the ifpdf switch (HO)
Package ifpdf Info: pdfTeX in PDF mode is not detected.
)
("C:\Program Files (x86)\MiKTeX 2.9\tex\generic\oberdiek\ifvtex.sty"
Package: ifvtex 2010/03/01 v1.5 Detect VTeX and its facilities (HO)
Package ifvtex Info: VTeX not detected.
)
("C:\Program Files (x86)\MiKTeX 2.9\tex\generic\ifxetex\ifxetex.sty"
Package: ifxetex 2010/09/12 v0.6 Provides ifxetex conditional
)
\Gm@cnth=\count91
\Gm@cntv=\count92
\c@Gm@tempcnt=\count93
\Gm@bindingoffset=\dimen119
\Gm@wd@mp=\dimen120
\Gm@odd@mp=\dimen121
\Gm@even@mp=\dimen122
\Gm@layoutwidth=\dimen123
\Gm@layoutheight=\dimen124
\Gm@layouthoffset=\dimen125
\Gm@layoutvoffset=\dimen126
\Gm@dimlist=\toks16

("C:\Program Files (x86)\MiKTeX 2.9\tex\latex\geometry\geometry.cfg"))
("C:\Program Files (x86)\MiKTeX 2.9\tex\latex\base\fontenc.sty"
Package: fontenc 2005/09/27 v1.99g Standard LaTeX package

("C:\Program Files (x86)\MiKTeX 2.9\tex\latex\base\t1enc.def"
File: t1enc.def 2005/09/27 v1.99g Standard LaTeX file
LaTeX Font Info:    Redeclaring font encoding T1 on input line 43.
))
("C:\Program Files (x86)\MiKTeX 2.9\tex\latex\graphics\graphicx.sty"
Package: graphicx 1999/02/16 v1.0f Enhanced LaTeX Graphics (DPC,SPQR)

("C:\Program Files (x86)\MiKTeX 2.9\tex\latex\graphics\graphics.sty"
Package: graphics 2009/02/05 v1.0o Standard LaTeX Graphics (DPC,SPQR)

("C:\Program Files (x86)\MiKTeX 2.9\tex\latex\graphics\trig.sty"
Package: trig 1999/03/16 v1.09 sin cos tan (DPC)
)
("C:\Program Files (x86)\MiKTeX 2.9\tex\latex\00miktex\graphics.cfg"
File: graphics.cfg 2007/01/18 v1.5 graphics configuration of teTeX/TeXLive
)
Package graphics Info: Driver file: dvips.def on input line 91.

("C:\Program Files (x86)\MiKTeX 2.9\tex\latex\graphics\dvips.def"
File: dvips.def 1999/02/16 v3.0i Driver-dependant file (DPC,SPQR)
))
\Gin@req@height=\dimen127
\Gin@req@width=\dimen128
)
("C:\Program Files (x86)\MiKTeX 2.9\tex\latex\tools\indentfirst.sty"
Package: indentfirst 1995/11/23 v1.03 Indent first paragraph (DPC)
)
("C:\Program Files (x86)\MiKTeX 2.9\tex\latex\rotating\rotating.sty"
Package: rotating 2009/03/28 v2.16a rotated objects in LaTeX

("C:\Program Files (x86)\MiKTeX 2.9\tex\latex\base\ifthen.sty"
Package: ifthen 2001/05/26 v1.1c Standard LaTeX ifthen package (DPC)
)
\c@r@tfl@t=\count94
\rotFPtop=\skip45
\rotFPbot=\skip46
\rot@float@box=\box26
\rot@mess@toks=\toks17
)
("C:\Program Files (x86)\MiKTeX 2.9\tex\latex\amsfonts\amssymb.sty"
Package: amssymb 2013/01/14 v3.01 AMS font symbols

("C:\Program Files (x86)\MiKTeX 2.9\tex\latex\amsfonts\amsfonts.sty"
Package: amsfonts 2013/01/14 v3.01 Basic AMSFonts support
\@emptytoks=\toks18
\symAMSa=\mathgroup4
\symAMSb=\mathgroup5
LaTeX Font Info:    Overwriting math alphabet `\mathfrak' in version `bold'
(Font)                  U/euf/m/n --> U/euf/b/n on input line 106.
))
("C:\Program Files (x86)\MiKTeX 2.9\tex\latex\float\float.sty"
Package: float 2001/11/08 v1.3d Float enhancements (AL)
\c@float@type=\count95
\float@exts=\toks19
\float@box=\box27
\@float@everytoks=\toks20
\@floatcapt=\box28
)
("C:\Program Files (x86)\MiKTeX 2.9\tex\latex\wrapfig\wrapfig.sty"
\wrapoverhang=\dimen129
\WF@size=\dimen130
\c@WF@wrappedlines=\count96
\WF@box=\box29
\WF@everypar=\toks21
Package: wrapfig 2003/01/31  v 3.6
)
("C:\Program Files (x86)\MiKTeX 2.9\tex\latex\mh\mathtools.sty"
Package: mathtools 2013/02/12 v1.13 mathematical typesetting tools

("C:\Program Files (x86)\MiKTeX 2.9\tex\latex\tools\calc.sty"
Package: calc 2007/08/22 v4.3 Infix arithmetic (KKT,FJ)
\calc@Acount=\count97
\calc@Bcount=\count98
\calc@Adimen=\dimen131
\calc@Bdimen=\dimen132
\calc@Askip=\skip47
\calc@Bskip=\skip48
LaTeX Info: Redefining \setlength on input line 76.
LaTeX Info: Redefining \addtolength on input line 77.
\calc@Ccount=\count99
\calc@Cskip=\skip49
)
("C:\Program Files (x86)\MiKTeX 2.9\tex\latex\mh\mhsetup.sty"
Package: mhsetup 2010/01/21 v1.2a programming setup (MH)
)
("C:\Program Files (x86)\MiKTeX 2.9\tex\latex\amsmath\amsmath.sty"
Package: amsmath 2013/01/14 v2.14 AMS math features
\@mathmargin=\skip50

For additional information on amsmath, use the `?' option.
("C:\Program Files (x86)\MiKTeX 2.9\tex\latex\amsmath\amstext.sty"
Package: amstext 2000/06/29 v2.01

("C:\Program Files (x86)\MiKTeX 2.9\tex\latex\amsmath\amsgen.sty"
File: amsgen.sty 1999/11/30 v2.0
\@emptytoks=\toks22
\ex@=\dimen133
))
("C:\Program Files (x86)\MiKTeX 2.9\tex\latex\amsmath\amsbsy.sty"
Package: amsbsy 1999/11/29 v1.2d
\pmbraise@=\dimen134
)
("C:\Program Files (x86)\MiKTeX 2.9\tex\latex\amsmath\amsopn.sty"
Package: amsopn 1999/12/14 v2.01 operator names
)
\inf@bad=\count100
LaTeX Info: Redefining \frac on input line 210.
\uproot@=\count101
\leftroot@=\count102
LaTeX Info: Redefining \overline on input line 306.
\classnum@=\count103
\DOTSCASE@=\count104
LaTeX Info: Redefining \ldots on input line 378.
LaTeX Info: Redefining \dots on input line 381.
LaTeX Info: Redefining \cdots on input line 466.
\Mathstrutbox@=\box30
\strutbox@=\box31
\big@size=\dimen135
LaTeX Font Info:    Redeclaring font encoding OML on input line 566.
LaTeX Font Info:    Redeclaring font encoding OMS on input line 567.
\macc@depth=\count105
\c@MaxMatrixCols=\count106
\dotsspace@=\muskip10
\c@parentequation=\count107
\dspbrk@lvl=\count108
\tag@help=\toks23
\row@=\count109
\column@=\count110
\maxfields@=\count111
\andhelp@=\toks24
\eqnshift@=\dimen136
\alignsep@=\dimen137
\tagshift@=\dimen138
\tagwidth@=\dimen139
\totwidth@=\dimen140
\lineht@=\dimen141
\@envbody=\toks25
\multlinegap=\skip51
\multlinetaggap=\skip52
\mathdisplay@stack=\toks26
LaTeX Info: Redefining \[ on input line 2665.
LaTeX Info: Redefining \] on input line 2666.
)
LaTeX Info: Thecontrolsequence`\['isalreadyrobust on input line 129.
LaTeX Info: Thecontrolsequence`\]'isalreadyrobust on input line 129.
\g_MT_multlinerow_int=\count112
\l_MT_multwidth_dim=\dimen142
\origjot=\skip53
\l_MT_shortvdotswithinadjustabove_dim=\dimen143
\l_MT_shortvdotswithinadjustbelow_dim=\dimen144
\l_MT_above_intertext_sep=\dimen145
\l_MT_below_intertext_sep=\dimen146
\l_MT_above_shortintertext_sep=\dimen147
\l_MT_below_shortintertext_sep=\dimen148
)
("C:\Program Files (x86)\MiKTeX 2.9\tex\latex\caption\subcaption.sty"
Package: subcaption 2013/02/03 v1.1-62 Sub-captions (AR)

("C:\Program Files (x86)\MiKTeX 2.9\tex\latex\caption\caption.sty"
Package: caption 2013/04/14 v3.3-73 Customizing captions (AR)

("C:\Program Files (x86)\MiKTeX 2.9\tex\latex\caption\caption3.sty"
Package: caption3 2013/04/14 v1.5-71 caption3 kernel (AR)
\captionmargin=\dimen149
\captionmargin@=\dimen150
\captionwidth=\dimen151
\caption@tempdima=\dimen152
\caption@indent=\dimen153
\caption@parindent=\dimen154
\caption@hangindent=\dimen155
)
\c@ContinuedFloat=\count113
Package caption Info: float package is loaded.
Package caption Info: rotating package is loaded.
Package caption Info: wrapfig package is loaded.
)
\c@subfigure=\count114
\c@subtable=\count115
)
("C:\Program Files (x86)\MiKTeX 2.9\tex\latex\lipsum\lipsum.sty"
Package: lipsum 2011/04/14 v1.2 150 paragraphs of Lorem Ipsum dummy text
\c@lips@count=\count116
)
("C:\Program Files (x86)\MiKTeX 2.9\tex\latex\base\inputenc.sty"
Package: inputenc 2008/03/30 v1.1d Input encoding file
\inpenc@prehook=\toks27
\inpenc@posthook=\toks28

("C:\Program Files (x86)\MiKTeX 2.9\tex\latex\base\ansinew.def"
File: ansinew.def 2008/03/30 v1.1d Input encoding file
))
("C:\Program Files (x86)\MiKTeX 2.9\tex\latex\oberdiek\epstopdf.sty"
Package: epstopdf 2010/02/09 v2.5 Conversion with epstopdf on the fly (HO)

("C:\Program Files (x86)\MiKTeX 2.9\tex\latex\oberdiek\epstopdf-base.sty"
Package: epstopdf-base 2010/02/09 v2.5 Base part for package epstopdf

("C:\Program Files (x86)\MiKTeX 2.9\tex\generic\oberdiek\infwarerr.sty"
Package: infwarerr 2010/04/08 v1.3 Providing info/warning/error messages (HO)
)
("C:\Program Files (x86)\MiKTeX 2.9\tex\latex\oberdiek\grfext.sty"
Package: grfext 2010/08/19 v1.1 Manage graphics extensions (HO)

("C:\Program Files (x86)\MiKTeX 2.9\tex\generic\oberdiek\kvdefinekeys.sty"
Package: kvdefinekeys 2011/04/07 v1.3 Define keys (HO)

("C:\Program Files (x86)\MiKTeX 2.9\tex\generic\oberdiek\ltxcmds.sty"
Package: ltxcmds 2011/11/09 v1.22 LaTeX kernel commands for general use (HO)
)))
("C:\Program Files (x86)\MiKTeX 2.9\tex\latex\oberdiek\kvoptions.sty"
Package: kvoptions 2011/06/30 v3.11 Key value format for package options (HO)

("C:\Program Files (x86)\MiKTeX 2.9\tex\generic\oberdiek\kvsetkeys.sty"
Package: kvsetkeys 2012/04/25 v1.16 Key value parser (HO)

("C:\Program Files (x86)\MiKTeX 2.9\tex\generic\oberdiek\etexcmds.sty"
Package: etexcmds 2011/02/16 v1.5 Avoid name clashes with e-TeX commands (HO)

("C:\Program Files (x86)\MiKTeX 2.9\tex\generic\oberdiek\ifluatex.sty"
Package: ifluatex 2010/03/01 v1.3 Provides the ifluatex switch (HO)
Package ifluatex Info: LuaTeX not detected.
)
Package etexcmds Info: Could not find \expanded.
(etexcmds)             That can mean that you are not using pdfTeX 1.50 or
(etexcmds)             that some package has redefined \expanded.
(etexcmds)             In the latter case, load this package earlier.
)))
("C:\Program Files (x86)\MiKTeX 2.9\tex\generic\oberdiek\pdftexcmds.sty"
Package: pdftexcmds 2011/11/29 v0.20 Utility functions of pdfTeX for LuaTeX (HO
)
Package pdftexcmds Info: LuaTeX not detected.
Package pdftexcmds Info: \pdf@primitive is available.
Package pdftexcmds Info: \pdf@ifprimitive is available.
Package pdftexcmds Info: \pdfdraftmode is ignored in DVI mode.
)

Package epstopdf Warning: Drivers other than `pdftex.def' are not supported.

)) (F:\Projects\duartec-projects\GENESIS-REPORT\template.aux

LaTeX Warning: Label `fig:ECEPDivisionMembers' multiply defined.


LaTeX Warning: Label `fig:ECEPDivisionMembers' multiply defined.


LaTeX Warning: Label `fig:InteriorArrangements' multiply defined.


LaTeX Warning: Label `tab:addlabel' multiply defined.


LaTeX Warning: Label `fig:compressiblepolar' multiply defined.


LaTeX Warning: Label `tab:tm_original_01' multiply defined.


LaTeX Warning: Label `fig:force_rotate' multiply defined.


LaTeX Warning: Label `tab:addlabel' multiply defined.


LaTeX Warning: Label `fig:BTMSassembly' multiply defined.


LaTeX Warning: Label `fig:BTMSsensor' multiply defined.

)
LaTeX Font Info:    Checking defaults for OML/cmm/m/it on input line 55.
LaTeX Font Info:    ... okay on input line 55.
LaTeX Font Info:    Checking defaults for T1/cmr/m/n on input line 55.
LaTeX Font Info:    ... okay on input line 55.
LaTeX Font Info:    Checking defaults for OT1/cmr/m/n on input line 55.
LaTeX Font Info:    ... okay on input line 55.
LaTeX Font Info:    Checking defaults for OMS/cmsy/m/n on input line 55.
LaTeX Font Info:    ... okay on input line 55.
LaTeX Font Info:    Checking defaults for OMX/cmex/m/n on input line 55.
LaTeX Font Info:    ... okay on input line 55.
LaTeX Font Info:    Checking defaults for U/cmr/m/n on input line 55.
LaTeX Font Info:    ... okay on input line 55.
LaTeX Info: Redefining \celsius on input line 55.
Package gensymb Info: Faking symbols for \degree and \celsius on input line 55.



Package gensymb Warning: Not defining \perthousand.

LaTeX Info: Redefining \ohm on input line 55.
Package gensymb Info: Using \Omega for \ohm on input line 55.

Package gensymb Warning: Not defining \micro.

*geometry* driver: auto-detecting
*geometry* detected driver: dvips
*geometry* verbose mode - [ preamble ] result:
* driver: dvips
* paper: a4paper
* layout: <same size as paper>
* layoutoffset:(h,v)=(0.0pt,0.0pt)
* modes: 
* h-part:(L,W,R)=(54.06006pt, 497.92323pt, 45.52458pt)
* v-part:(T,H,B)=(71.13188pt, 702.78308pt, 71.13188pt)
* \paperwidth=597.50787pt
* \paperheight=845.04684pt
* \textwidth=497.92323pt
* \textheight=702.78308pt
* \oddsidemargin=-18.20993pt
* \evensidemargin=-18.20993pt
* \topmargin=-38.1381pt
* \headheight=12.0pt
* \headsep=25.0pt
* \topskip=12.0pt
* \footskip=30.0pt
* \marginparwidth=44.0pt
* \marginparsep=10.0pt
* \columnsep=10.0pt
* \skip\footins=10.8pt plus 4.0pt minus 2.0pt
* \hoffset=0.0pt
* \voffset=0.0pt
* \mag=1000
* \@twocolumnfalse
* \@twosidefalse
* \@mparswitchfalse
* \@reversemarginfalse
* (1in=72.27pt=25.4mm, 1cm=28.453pt)

Package caption Info: Begin \AtBeginDocument code.
Package caption Info: End \AtBeginDocument code.
LaTeX Font Info:    Try loading font information for U+msa on input line 80.
("C:\Program Files (x86)\MiKTeX 2.9\tex\latex\amsfonts\umsa.fd"
File: umsa.fd 2013/01/14 v3.01 AMS symbols A
)
LaTeX Font Info:    Try loading font information for U+msb on input line 80.

("C:\Program Files (x86)\MiKTeX 2.9\tex\latex\amsfonts\umsb.fd"
File: umsb.fd 2013/01/14 v3.01 AMS symbols B
) [1

]
Underfull \hbox (badness 10000) in paragraph at lines 104--105
[][]\T1/cmr/bx/n/12 REPORT No.:
 []


Underfull \hbox (badness 10000) in paragraph at lines 104--105
\T1/cmr/bx/n/12 PRO-GRAM:
 []


Underfull \hbox (badness 10000) in paragraph at lines 104--105
\T1/cmr/bx/n/12 TI-TLE:
 []


Underfull \hbox (badness 10000) in paragraph at lines 104--105

 []

[1] (F:\Projects\duartec-projects\GENESIS-REPORT\template.toc [2] [3] [4]
[5])
\tf@toc=\write3
 [6]
(F:\Projects\duartec-projects\GENESIS-REPORT\Parts/Introduction/introduction.te
x [7]
File: Pictures/Introduction/EmbraerGlobalBusiness.eps Graphic file (type eps)
 <Pictures/Introduction/EmbraerGlobalBusiness.eps>
File: Pictures/Introduction/EmployesAndEducationalLevels.eps Graphic file (type
 eps)

<Pictures/Introduction/EmployesAndEducationalLevels.eps>
File: Pictures/Introduction/DataSheetEmbraer.eps Graphic file (type eps)

<Pictures/Introduction/DataSheetEmbraer.eps> [8]
LaTeX Font Info:    Try loading font information for OMS+cmr on input line 52.

("C:\Program Files (x86)\MiKTeX 2.9\tex\latex\base\omscmr.fd"
File: omscmr.fd 1999/05/25 v2.5h Standard LaTeX font definitions
)
LaTeX Font Info:    Font shape `OMS/cmr/m/n' in size <12> not available
(Font)              Font shape `OMS/cmsy/m/n' tried instead on input line 52.
File: Pictures/Introduction/EmbraerPEELogo.eps Graphic file (type eps)

<Pictures/Introduction/EmbraerPEELogo.eps> [9]
File: Pictures/Introduction/PEEPhases.eps Graphic file (type eps)

<Pictures/Introduction/PEEPhases.eps> [10]
File: Pictures/Introduction/WorldFleetInService.eps Graphic file (type eps)

<Pictures/Introduction/WorldFleetInService.eps>
File: Pictures/Introduction/WorldProjectedNewDeliveries.eps Graphic file (type 
eps)

<Pictures/Introduction/WorldProjectedNewDeliveries.eps> [11]
File: Pictures/Introduction/oilPriceEvolution.eps Graphic file (type eps)

<Pictures/Introduction/oilPriceEvolution.eps> [12] [13]
File: Pictures/Introduction/145COCDistribution.eps Graphic file (type eps)

<Pictures/Introduction/145COCDistribution.eps> [14] [15]
File: Pictures/Introduction/Lideres.eps Graphic file (type eps)

<Pictures/Introduction/Lideres.eps> [16]
File: Pictures/Introduction/Technical.eps Graphic file (type eps)
 <Pictures/Introduction/Technical.eps>
File: Pictures/Introduction/Market_Data.eps Graphic file (type eps)

<Pictures/Introduction/Market_Data.eps>
File: Pictures/Introduction/Market_Forecast.eps Graphic file (type eps)

<Pictures/Introduction/Market_Forecast.eps> [17]
File: Pictures/Introduction/Competitors.eps Graphic file (type eps)

<Pictures/Introduction/Competitors.eps> [18]
File: Pictures/Introduction/Aero.eps Graphic file (type eps)
 <Pictures/Introduction/Aero.eps>
File: Pictures/Introduction/ECS.eps Graphic file (type eps)

<Pictures/Introduction/ECS.eps> [19]
File: Pictures/Introduction/Hydromec.eps Graphic file (type eps)
 <Pictures/Introduction/Hydromec.eps>
File: Pictures/Introduction/Electrical.eps Graphic file (type eps)

<Pictures/Introduction/Electrical.eps> [20]
File: Pictures/Introduction/Interiors.eps Graphic file (type eps)

<Pictures/Introduction/Interiors.eps>
File: Pictures/Introduction/3MASU.eps Graphic file (type eps)
 <Pictures/Introduction/3MASU.eps>
[21]
File: Pictures/Introduction/Market.eps Graphic file (type eps)
 <Pictures/Introduction/Market.eps> [22]
File: Pictures/Introduction/5S.eps Graphic file (type eps)
 <Pictures/Introduction/5S.eps>
File: Pictures/Introduction/Info.eps Graphic file (type eps)

<Pictures/Introduction/Info.eps> [23]
File: Pictures/Introduction/Visual.eps Graphic file (type eps)
 <Pictures/Introduction/Visual.eps>)
(F:\Projects\duartec-projects\GENESIS-REPORT\Parts/Technical_Summary/Technical_
Summary.tex [24]
File: Pictures/Technical_Summary/ModificationTree.eps Graphic file (type eps)
 <Pictures/Technical_Summary/ModificationTree.eps> [25]
[26] [27]) [28]
(F:\Projects\duartec-projects\GENESIS-REPORT\Parts/3MASU/3MASU.tex
(F:\Projects\duartec-projects\GENESIS-REPORT\Parts/3MASU/introduction.tex
[29]) (F:\Projects\duartec-projects\GENESIS-REPORT\Parts/3MASU/Main_Cost.tex
File: Pictures/3MASU/dmc.eps Graphic file (type eps)

<Pictures/3MASU/dmc.eps> [30]

LaTeX Warning: Citation `OwnersGuide' on page 31 undefined on input line 17.

File: Pictures/3MASU/DMCpassenger.eps Graphic file (type eps)
<Pictures/3MASU/DMCpassenger.eps> [31] [32]
File: Pictures/3MASU/coc.eps Graphic file (type eps)
 <Pictures/3MASU/coc.eps>) [33]
(F:\Projects\duartec-projects\GENESIS-REPORT\Parts/3MASU/Factors_Influence_Main
tenance.tex) [34]
(F:\Projects\duartec-projects\GENESIS-REPORT\Parts/3MASU/Support_Services_Manuf
acturing.tex)
(F:\Projects\duartec-projects\GENESIS-REPORT\Parts/3MASU/Possibilities_DMC.tex
[35]
File: Pictures/3MASU/MindMapPossibilities.eps Graphic file (type eps)
 <Pictures/3MASU/MindMapPossibilities.eps>
File: Pictures/3MASU/PercentagesReduction.eps Graphic file (type eps)

<Pictures/3MASU/PercentagesReduction.eps> [36])
(F:\Projects\duartec-projects\GENESIS-REPORT\Parts/3MASU/Business_Plan.tex
[37]
File: Pictures/3MASU/RollsRoyce.eps Graphic file (type eps)
 <Pictures/3MASU/RollsRoyce.eps> [38]
File: Pictures/3MASU/ELEBLiebher.eps Graphic file (type eps)
 <Pictures/3MASU/ELEBLiebher.eps>
File: Pictures/3MASU/Goodrich.eps Graphic file (type eps)

<Pictures/3MASU/Goodrich.eps> [39]
File: Pictures/3MASU/HamiltonSundstrand.eps Graphic file (type eps)
 <Pictures/3MASU/HamiltonSundstrand.eps>)
[40] (F:\Projects\duartec-projects\GENESIS-REPORT\Parts/3MASU/Lead_Time.tex
File: Pictures/3MASU/zona_chao.eps Graphic file (type eps)

<Pictures/3MASU/zona_chao.eps> [41] [42] [43])
(F:\Projects\duartec-projects\GENESIS-REPORT\Parts/3MASU/Optimization_of_Base_c
hecks.tex

LaTeX Warning: Citation `ip44' on page 44 undefined on input line 17.

[44]
File: Pictures/3MASU/ip44process.eps Graphic file (type eps)
 <Pictures/3MASU/ip44process.eps> [45] [46]
File: Pictures/3MASU/typesinspections.eps Graphic file (type eps)

<Pictures/3MASU/typesinspections.eps> [47] [48]
Overfull \hbox (695.26744pt too wide) in paragraph at lines 150--173
 [][][][] 
 []

File: Pictures/3MASU/achecks.eps Graphic file (type eps)
<Pictures/3MASU/achecks.eps> [49]
File: Pictures/3MASU/cchecks.eps Graphic file (type eps)
 <Pictures/3MASU/cchecks.eps>
File: Pictures/3MASU/percentageCheckCosts.eps Graphic file (type eps)

<Pictures/3MASU/percentageCheckCosts.eps> [50])
(F:\Projects\duartec-projects\GENESIS-REPORT\Parts/3MASU/Components_Reliability
.tex [51]
Overfull \hbox (90.12558pt too wide) detected at line 6
\OML/cmm/m/it/12 DMC[] \OT1/cmr/m/n/12 = [] \OMS/cmsy/m/n/12  []
 []

[52]
File: Pictures/3MASU/Top10.eps Graphic file (type eps)
 <Pictures/3MASU/Top10.eps>
Overfull \hbox (694.56975pt too wide) in paragraph at lines 53--83
 [][][][] 
 []

) [53] [54] (F:\Projects\duartec-projects\GENESIS-REPORT\Parts/3MASU/mel.tex
[55] [56]
File: Pictures/3MASU/fig1.eps Graphic file (type eps)
 <Pictures/3MASU/fig1.eps> [57]
File: Pictures/3MASU/fig2.eps Graphic file (type eps)
 <Pictures/3MASU/fig2.eps> [58]
[59] [60]
File: Pictures/3MASU/fig3.eps Graphic file (type eps)
 <Pictures/3MASU/fig3.eps>
File: Pictures/3MASU/fig4.eps Graphic file (type eps)
 <Pictures/3MASU/fig4.eps> [61]
File: Pictures/3MASU/fig5.eps Graphic file (type eps)

<Pictures/3MASU/fig5.eps> [62]) [63])
(F:\Projects\duartec-projects\GENESIS-REPORT\Parts/Interior/interior.tex
(F:\Projects\duartec-projects\GENESIS-REPORT\Parts/Interior/introduction.tex)
(F:\Projects\duartec-projects\GENESIS-REPORT\Parts/Interior/ModificationStudies
/paxincrease.tex [64]

LaTeX Warning: Citation `SlimSeat' on page 65 undefined on input line 7.

File: Pictures/Interior/InteriorArrangements.eps Graphic file (type eps)
<Pictures/Interior/InteriorArrangements.eps>
File: Pictures/Interior/front_lopa_seats.eps Graphic file (type eps)

<Pictures/Interior/front_lopa_seats.eps> [65]
File: Pictures/Interior/LOPA.eps Graphic file (type eps)
 <Pictures/Interior/LOPA.eps>
[66] [67]
File: Pictures/Interior/SlimSeat_Isometric.eps Graphic file (type eps)
 <Pictures/Interior/SlimSeat_Isometric.eps>
File: Pictures/Interior/SlimSeat_Side.eps Graphic file (type eps)

<Pictures/Interior/SlimSeat_Side.eps> [68]
File: Pictures/Interior/EliteVsSlim_Comparison.eps Graphic file (type eps)

<Pictures/Interior/EliteVsSlim_Comparison.eps> [69]
(F:\Projects\duartec-projects\GENESIS-REPORT\Parts/Interior/ModificationStudies
/galley.tex
File: Pictures/Interior/InteriorArrangements.eps Graphic file (type eps)
 <Pictures/Interior/InteriorArrangements.eps> [70]
Overfull \hbox (192.51347pt too wide) in paragraph at lines 14--27
 [][][][] 
 []


Overfull \hbox (372.14272pt too wide) in paragraph at lines 36--53
 [][][][] 
 []

[71]
File: Pictures/Interior/galley_trolley.eps Graphic file (type eps)
 <Pictures/Interior/galley_trolley.eps> [72]
File: Pictures/Interior/viewhalftrolley.eps Graphic file (type eps)

<Pictures/Interior/viewhalftrolley.eps>)
(F:\Projects\duartec-projects\GENESIS-REPORT\Parts/Interior/ModificationStudies
/stowage.tex

LaTeX Warning: Reference `fig:MFS1' on page 73 undefined on input line 1.


LaTeX Warning: Reference `fig:MFS1' on page 73 undefined on input line 1.

[73]
File: Pictures/Interior/mfs2.eps Graphic file (type eps)
 <Pictures/Interior/mfs2.eps>
File: Pictures/Interior/mfs3.eps Graphic file (type eps)
 <Pictures/Interior/mfs3.eps>) [74]
(F:\Projects\duartec-projects\GENESIS-REPORT\Parts/Interior/ModificationStudies
/certification.tex
File: Pictures/Interior/145-exits.eps Graphic file (type eps)
 <Pictures/Interior/145-exits.eps> [75]
Underfull \hbox (badness 10000) in paragraph at lines 19--26

 []

File: Pictures/Interior/lopameasuresevacuation.eps Graphic file (type eps)
<Pictures/Interior/lopameasuresevacuation.eps> [76]))
(F:\Projects\duartec-projects\GENESIS-REPORT\Parts/Interior/ModificationStudies
/ife.tex [77] [78]
File: Pictures/Interior/tabletvsnotebook.eps Graphic file (type eps)
 <Pictures/Interior/tabletvsnotebook.eps> [79])
(F:\Projects\duartec-projects\GENESIS-REPORT\Parts/Interior/ModificationStudies
/led.tex [80]
File: Pictures/Interior/WASH1.eps Graphic file (type eps)
 <Pictures/Interior/WASH1.eps> [81]
File: Pictures/Interior/WASH2.eps Graphic file (type eps)
 <Pictures/Interior/WASH2.eps>
Overfull \hbox (55.23306pt too wide) in paragraph at lines 46--65
 [][][][] 
 []

[82] [83])
(F:\Projects\duartec-projects\GENESIS-REPORT\Parts/Interior/mockup.tex [84]
File: Pictures/Interior/standard.eps Graphic file (type eps)

<Pictures/Interior/standard.eps>
File: Pictures/Interior/slim_adaptada.eps Graphic file (type eps)
 <Pictures/Interior/slim_adaptada.eps> [85]
File: Pictures/Interior/galley_position_validation_solo.eps Graphic file (type 
eps)

<Pictures/Interior/galley_position_validation_solo.eps> [86]
File: Pictures/Interior/galley_position_validation.eps Graphic file (type eps)

<Pictures/Interior/galley_position_validation.eps> [87]
File: Pictures/Interior/newtrolley.eps Graphic file (type eps)

<Pictures/Interior/newtrolley.eps> [88])
(F:\Projects\duartec-projects\GENESIS-REPORT\Parts/Interior/interiorcostsummary
.tex
Overfull \hbox (720.12596pt too wide) in paragraph at lines 8--22
 [][][][] 
 []


Overfull \hbox (667.06381pt too wide) in paragraph at lines 33--47
 [][][][] 
 []

) (F:\Projects\duartec-projects\GENESIS-REPORT\Parts/Interior/conclusion.tex))
(F:\Projects\duartec-projects\GENESIS-REPORT\Parts/Aeronautics/aeronautics.tex
(F:\Projects\duartec-projects\GENESIS-REPORT\Parts/Aeronautics/Introduction.tex
[89] [90]
File: Pictures/Aeronautics/Introduction/aircraftdesign.eps Graphic file (type e
ps)
 <Pictures/Aeronautics/Introduction/aircraftdesign.eps> [91])
(F:\Projects\duartec-projects\GENESIS-REPORT\Parts/Aeronautics/Methodology/drag
polar.tex

LaTeX Warning: Reference `wavedrag' on page 92 undefined on input line 1.

File: Pictures/Aeronautics/Methodology/wavedrag.eps Graphic file (type eps)
<Pictures/Aeronautics/Methodology/wavedrag.eps> [92]
File: Pictures/Aeronautics/Methodology/compressible_polar.eps Graphic file (typ
e eps)

<Pictures/Aeronautics/Methodology/compressible_polar.eps> [93]
File: Pictures/Aeronautics/Methodology/required_thrust.eps Graphic file (type e
ps)

<Pictures/Aeronautics/Methodology/required_thrust.eps>)
(F:\Projects\duartec-projects\GENESIS-REPORT\Parts/Aeronautics/Methodology/weig
htandbalanceestimations.tex [94] [95]
File: Pictures/Aeronautics/Methodology/CG_Envelope.eps Graphic file (type eps)

<Pictures/Aeronautics/Methodology/CG_Envelope.eps>
File: Pictures/Aeronautics/Methodology/CG_EnvelopeMAC.eps Graphic file (type ep
s)

<Pictures/Aeronautics/Methodology/CG_EnvelopeMAC.eps> [96] [97] [98])
(F:\Projects\duartec-projects\GENESIS-REPORT\Parts/Aeronautics/Methodology/perf
ormance.tex [99]
File: Pictures/Aeronautics/Methodology/forces.eps Graphic file (type eps)
 <Pictures/Aeronautics/Methodology/forces.eps> [100] [101])
[102]
(F:\Projects\duartec-projects\GENESIS-REPORT\Parts/Aeronautics/Methodology/Flig
htandHandlingQualities.tex)
(F:\Projects\duartec-projects\GENESIS-REPORT\Parts/Aeronautics/Methodology/gast
urbinemodel.tex [103]
File: Pictures/Aeronautics/Methodology/AE3007A1_SLS_ISA+15.eps Graphic file (ty
pe eps)

<Pictures/Aeronautics/Methodology/AE3007A1_SLS_ISA+15.eps> [104]
File: Pictures/Aeronautics/Methodology/TSFC.eps Graphic file (type eps)

<Pictures/Aeronautics/Methodology/TSFC.eps>
File: Pictures/Aeronautics/Methodology/Bleed.eps Graphic file (type eps)

<Pictures/Aeronautics/Methodology/Bleed.eps>
File: Pictures/Aeronautics/Methodology/Fan.eps Graphic file (type eps)

<Pictures/Aeronautics/Methodology/Fan.eps> [105])
(F:\Projects\duartec-projects\GENESIS-REPORT\Parts/Aeronautics/ModificationStud
ies/Winglet.tex
File: Pictures/Aeronautics/ModificationStudies/Induceddragwinglet.eps Graphic f
ile (type eps)

<Pictures/Aeronautics/ModificationStudies/Induceddragwinglet.eps> [106]
File: Pictures/Aeronautics/ModificationStudies/DragPolar.eps Graphic file (type
 eps)

<Pictures/Aeronautics/ModificationStudies/DragPolar.eps>)
(F:\Projects\duartec-projects\GENESIS-REPORT\Parts/Aeronautics/ModificationStud
ies/ActiveWinglet.tex [107]
File: Pictures/Aeronautics/ModificationStudies/ActiveWinglet.eps Graphic file (
type eps)

<Pictures/Aeronautics/ModificationStudies/ActiveWinglet.eps>)
(F:\Projects\duartec-projects\GENESIS-REPORT\Parts/Aeronautics/ModificationStud
ies/AerodynamicImprovement.tex [108]
Overfull \hbox (95.08928pt too wide) in paragraph at lines 10--44
 [][][][] 
 []

File: Pictures/Aeronautics/ModificationStudies/Nacelleandcargodoorhandles.eps G
raphic file (type eps)
<Pictures/Aeronautics/ModificationStudies/Nacelleandcargodoorhandles.eps>
File: Pictures/Aeronautics/ModificationStudies/Jackhardpoints.eps Graphic file 
(type eps)

<Pictures/Aeronautics/ModificationStudies/Jackhardpoints.eps>
File: Pictures/Aeronautics/ModificationStudies/Wingfillets.eps Graphic file (ty
pe eps)

<Pictures/Aeronautics/ModificationStudies/Wingfillets.eps> [109] [110]
File: Pictures/Aeronautics/ModificationStudies/NoseNACAinlet.eps Graphic file (
type eps)

<Pictures/Aeronautics/ModificationStudies/NoseNACAinlet.eps> [111] [112]
File: Pictures/Aeronautics/ModificationStudies/Aerodynamicimprovementreview.eps
 Graphic file (type eps)

<Pictures/Aeronautics/ModificationStudies/Aerodynamicimprovementreview.eps>
[113]
Overfull \vbox (6.23471pt too high) has occurred while \output is active []


[114])
(F:\Projects\duartec-projects\GENESIS-REPORT\Parts/Aeronautics/ModificationStud
ies/FuselageStretch.tex [115]
File: Pictures/Aeronautics/ModificationStudies/FuelincreasePAXincrease.eps Grap
hic file (type eps)

<Pictures/Aeronautics/ModificationStudies/FuelincreasePAXincrease.eps>)
[116]
(F:\Projects\duartec-projects\GENESIS-REPORT\Parts/Aeronautics/ModificationStud
ies/Flap.tex
File: Pictures/Aeronautics/ModificationStudies/flap-CmCl.eps Graphic file (type
 eps)
 <Pictures/Aeronautics/ModificationStudies/flap-CmCl.eps> [117]
File: Pictures/Aeronautics/ModificationStudies/FlapCLmaxestimations.eps Graphic
 file (type eps)

<Pictures/Aeronautics/ModificationStudies/FlapCLmaxestimations.eps>)
(F:\Projects\duartec-projects\GENESIS-REPORT\Parts/Aeronautics/ModificationStud
ies/SinglePilot.tex [118])
(F:\Projects\duartec-projects\GENESIS-REPORT\Parts/Aeronautics/ModificationStud
ies/TankFlamability.tex
File: Pictures/Aeronautics/ModificationStudies/Flammabilityflowchart.eps Graphi
c file (type eps)

<Pictures/Aeronautics/ModificationStudies/Flammabilityflowchart.eps> [119]
File: Pictures/Aeronautics/ModificationStudies/fueltankposition.eps Graphic fil
e (type eps)

<Pictures/Aeronautics/ModificationStudies/fueltankposition.eps> [120])
(F:\Projects\duartec-projects\GENESIS-REPORT\Parts/Aeronautics/ModificationStud
ies/EngineSelection.tex [121] [122]
Overfull \hbox (35.63339pt too wide) in paragraph at lines 48--61
 [][][][] 
 []


Overfull \hbox (87.53455pt too wide) in paragraph at lines 69--78
 [][][][] 
 []

[123]
File: Pictures/Aeronautics/LLA_F1.eps Graphic file (type eps)
 <Pictures/Aeronautics/LLA_F1.eps>)
(F:\Projects\duartec-projects\GENESIS-REPORT\Parts/Aeronautics/ModificationStud
ies/alternativefuel.tex

LaTeX Warning: Citation `Wald' on page 124 undefined on input line 1.

) [124]
(F:\Projects\duartec-projects\GENESIS-REPORT\Parts/Aeronautics/performance.tex
File: Pictures/Aeronautics/Performance/fig1_takeoff_isa0.eps Graphic file (type
 eps)

<Pictures/Aeronautics/Performance/fig1_takeoff_isa0.eps> [125]
File: Pictures/Aeronautics/Performance/fig2_takeoff_isa15.eps Graphic file (typ
e eps)

<Pictures/Aeronautics/Performance/fig2_takeoff_isa15.eps> [126]
File: Pictures/Aeronautics/Performance/fig3_time2climb.eps Graphic file (type e
ps)

<Pictures/Aeronautics/Performance/fig3_time2climb.eps> [127]
File: Pictures/Aeronautics/Performance/fig4_rate_of_climb.eps Graphic file (typ
e eps)

<Pictures/Aeronautics/Performance/fig4_rate_of_climb.eps> [128]

LaTeX Warning: Reference `fig5_specific_range' on page 129 undefined on input l
ine 40.

File: Pictures/Aeronautics/Performance/fig5_specific_range.eps Graphic file (ty
pe eps)
<Pictures/Aeronautics/Performance/fig5_specific_range.eps> [129]
File: Pictures/Aeronautics/Performance/fig6_fuel_flow_copy.eps Graphic file (ty
pe eps)

<Pictures/Aeronautics/Performance/fig6_fuel_flow_copy.eps> [130]
File: Pictures/Aeronautics/Performance/fig7_time2descent.eps Graphic file (type
 eps)

<Pictures/Aeronautics/Performance/fig7_time2descent.eps> [131]
File: Pictures/Aeronautics/Performance/fig8_payload_range_max.eps Graphic file 
(type eps)

<Pictures/Aeronautics/Performance/fig8_payload_range_max.eps> [132]
File: Pictures/Aeronautics/Performance/fig9_payload_range_long.eps Graphic file
 (type eps)

<Pictures/Aeronautics/Performance/fig9_payload_range_long.eps> [133]

LaTeX Warning: Reference `fig10_block_fuel_max' on page 134 undefined on input 
line 95.


LaTeX Warning: Reference `fig11_block_fuel_long' on page 134 undefined on input
 line 95.

File: Pictures/Aeronautics/Performance/fig10_block_fuel_max.eps Graphic file (t
ype eps)
<Pictures/Aeronautics/Performance/fig10_block_fuel_max.eps> [134]
File: Pictures/Aeronautics/Performance/fig11_block_fuel_long.eps Graphic file (
type eps)

<Pictures/Aeronautics/Performance/fig11_block_fuel_long.eps> [135]
File: Pictures/Aeronautics/Performance/fig12_block_time_max.eps Graphic file (t
ype eps)

<Pictures/Aeronautics/Performance/fig12_block_time_max.eps> [136]
File: Pictures/Aeronautics/Performance/fig13_block_time_long.eps Graphic file (
type eps)

<Pictures/Aeronautics/Performance/fig13_block_time_long.eps>) [137]
(F:\Projects\duartec-projects\GENESIS-REPORT\Parts/Aeronautics/Flight_and_Handl
ing.tex [138]
File: Pictures/Aeronautics/DSA_03.eps Graphic file (type eps)
 <Pictures/Aeronautics/DSA_03.eps> [139]
File: Pictures/Aeronautics/DSA_04.eps Graphic file (type eps)

<Pictures/Aeronautics/DSA_04.eps> [140]
File: Pictures/Aeronautics/DSA_05.eps Graphic file (type eps)
 <Pictures/Aeronautics/DSA_05.eps>
File: Pictures/Aeronautics/DSA_06.eps Graphic file (type eps)

<Pictures/Aeronautics/DSA_06.eps>
File: Pictures/Aeronautics/DSA_07.eps Graphic file (type eps)
 <Pictures/Aeronautics/DSA_07.eps>
File: Pictures/Aeronautics/DSA_08.eps Graphic file (type eps)

<Pictures/Aeronautics/DSA_08.eps> [141]
Overfull \vbox (507.05853pt too high) has occurred while \output is active []


[142]
File: Pictures/Aeronautics/DSA_09.eps Graphic file (type eps)
 <Pictures/Aeronautics/DSA_09.eps>
File: Pictures/Aeronautics/DSA_10.eps Graphic file (type eps)
 <Pictures/Aeronautics/DSA_10.eps>
[143]
Overfull \vbox (60.15309pt too high) has occurred while \output is active []


[144]
File: Pictures/Aeronautics/DSA_11.eps Graphic file (type eps)
 <Pictures/Aeronautics/DSA_11.eps>
File: Pictures/Aeronautics/DSA_12.eps Graphic file (type eps)
 <Pictures/Aeronautics/DSA_12.eps>
[145] [146]
File: Pictures/Aeronautics/DSA_13.eps Graphic file (type eps)
 <Pictures/Aeronautics/DSA_13.eps>
File: Pictures/Aeronautics/DSA_14.eps Graphic file (type eps)

<Pictures/Aeronautics/DSA_14.eps> [147]
File: Pictures/Aeronautics/DSA_15.eps Graphic file (type eps)
 <Pictures/Aeronautics/DSA_15.eps>
[148]

LaTeX Warning: Float too large for page by 60.03378pt on input line 271.

File: Pictures/Aeronautics/DSA_16.eps Graphic file (type eps)
<Pictures/Aeronautics/DSA_16.eps> [149] [150] [151]
File: Pictures/Aeronautics/DSA_17.eps Graphic file (type eps)

<Pictures/Aeronautics/DSA_17.eps>
Underfull \hbox (badness 10000) in paragraph at lines 331--343

 []

File: Pictures/Aeronautics/DSA_18.eps Graphic file (type eps)
<Pictures/Aeronautics/DSA_18.eps>
Underfull \hbox (badness 10000) in paragraph at lines 344--354

 []

[152]
File: Pictures/Aeronautics/DSA_19.eps Graphic file (type eps)
 <Pictures/Aeronautics/DSA_19.eps>
Underfull \hbox (badness 10000) in paragraph at lines 355--365

 []

[153]
Overfull \hbox (8.71133pt too wide) in paragraph at lines 380--382
[][]\T1/cmr/m/n/12 in or-der to eval-u-ate the flight and han-dling char-ac-ter
-is-tics of the ERJ145G
 []


LaTeX Warning: Float too large for page by 38.2838pt on input line 436.


LaTeX Warning: Float too large for page by 38.2838pt on input line 482.


LaTeX Warning: Float too large for page by 38.2838pt on input line 526.


LaTeX Warning: Float too large for page by 38.2838pt on input line 570.


LaTeX Warning: Float too large for page by 60.0338pt on input line 618.


LaTeX Warning: Float too large for page by 60.0338pt on input line 662.


LaTeX Warning: Float too large for page by 60.0338pt on input line 706.


LaTeX Warning: Float too large for page by 60.0338pt on input line 759.


LaTeX Warning: Float too large for page by 60.0338pt on input line 803.


LaTeX Warning: Float too large for page by 60.0338pt on input line 847.

[154] [155] [156] [157] [158] [159] [160] [161] [162] [163] [164]
File: Pictures/Aeronautics/force_rotate.eps Graphic file (type eps)

<Pictures/Aeronautics/force_rotate.eps>
File: Pictures/Aeronautics/horizantal_tail_trim.eps Graphic file (type eps)

<Pictures/Aeronautics/horizantal_tail_trim.eps> [165]
File: Pictures/Aeronautics/DSA_20.eps Graphic file (type eps)

<Pictures/Aeronautics/DSA_20.eps> [166])
(F:\Projects\duartec-projects\GENESIS-REPORT\Parts/Aeronautics/AeroCostsSumary.
tex
File: Pictures/Aeronautics/CostSummary/aerostructcosts.eps Graphic file (type e
ps)
 <Pictures/Aeronautics/CostSummary/aerostructcosts.eps>) [167]
(F:\Projects\duartec-projects\GENESIS-REPORT\Parts/Aeronautics/Conclusion.tex))
[168]
(F:\Projects\duartec-projects\GENESIS-REPORT\Parts/Structures/structures.tex
(F:\Projects\duartec-projects\GENESIS-REPORT\Parts/Structures/introduction.tex)

(F:\Projects\duartec-projects\GENESIS-REPORT\Parts/Structures/ModificationStudi
es/winglet.tex
File: Pictures/Structures/ModificationStudies/fig1_Lift_distribution_estimation
.eps Graphic file (type eps)

<Pictures/Structures/ModificationStudies/fig1_Lift_distribution_estimation.eps>
[169]
File: Pictures/Structures/ModificationStudies/fig2_Bending_moment_distribution.
eps Graphic file (type eps)

<Pictures/Structures/ModificationStudies/fig2_Bending_moment_distribution.eps>
File: Pictures/Structures/ModificationStudies/fig3_Bending_moment_increase_wing
let.eps Graphic file (type eps)

<Pictures/Structures/ModificationStudies/fig3_Bending_moment_increase_winglet.e
ps> [170]
File: Pictures/Structures/ModificationStudies/tab1_Part_number_analysis.eps Gra
phic file (type eps)

<Pictures/Structures/ModificationStudies/tab1_Part_number_analysis.eps>
[171] [172])
(F:\Projects\duartec-projects\GENESIS-REPORT\Parts/Structures/ModificationStudi
es/fuselage.tex
File: Pictures/Structures/ModificationStudies/fig4_Addtional_fuselage_section.e
ps Graphic file (type eps)

<Pictures/Structures/ModificationStudies/fig4_Addtional_fuselage_section.eps>
[173]
File: Pictures/Structures/ModificationStudies/fig5_Distances_between_fuselage.e
ps Graphic file (type eps)

<Pictures/Structures/ModificationStudies/fig5_Distances_between_fuselage.eps>
Overfull \hbox (13.01227pt too wide) in paragraph at lines 30--41
 [][][][] 
 []

[174]
Overfull \hbox (13.01227pt too wide) in paragraph at lines 49--60
 [][][][] 
 []

File: Pictures/Structures/ModificationStudies/fig6_Plug_frame_positioning.eps G
raphic file (type eps)
<Pictures/Structures/ModificationStudies/fig6_Plug_frame_positioning.eps>
[175])
(F:\Projects\duartec-projects\GENESIS-REPORT\Parts/Structures/costs_sumary.tex)
[176]
(F:\Projects\duartec-projects\GENESIS-REPORT\Parts/Structures/conclusion.tex))
(F:\Projects\duartec-projects\GENESIS-REPORT\Parts/ECS/ecs.tex
(F:\Projects\duartec-projects\GENESIS-REPORT\Parts/ECS/Introduction.tex)
(F:\Projects\duartec-projects\GENESIS-REPORT\Parts/ECS/ModificationStudies/cabi
ntemperaturecontrol.tex [177]
File: Pictures/ECS/ThermalModel.eps Graphic file (type eps)
 <Pictures/ECS/ThermalModel.eps>
File: Pictures/ECS/ThermalCurve.eps Graphic file (type eps)

<Pictures/ECS/ThermalCurve.eps> [178] [179])
(F:\Projects\duartec-projects\GENESIS-REPORT\Parts/ECS/ModificationStudies/icin
gprotectionsystem.tex [180]
File: Pictures/ECS/AntiiceFigure1.eps Graphic file (type eps)
 <Pictures/ECS/AntiiceFigure1.eps>
File: Pictures/ECS/AntiiceFigure2.eps Graphic file (type eps)

<Pictures/ECS/AntiiceFigure2.eps> [181]
File: Pictures/ECS/AntiiceFigure3.eps Graphic file (type eps)
 <Pictures/ECS/AntiiceFigure3.eps>
File: Pictures/ECS/AntiiceFigure4.eps Graphic file (type eps)

<Pictures/ECS/AntiiceFigure4.eps> [182]
File: Pictures/ECS/AntiiceFigure5.eps Graphic file (type eps)
 <Pictures/ECS/AntiiceFigure5.eps>
[183]
File: Pictures/ECS/AntiiceFigure6.eps Graphic file (type eps)
 <Pictures/ECS/AntiiceFigure6.eps> [184])
(F:\Projects\duartec-projects\GENESIS-REPORT\Parts/ECS/ModificationStudies/blee
dtemperaturecontrolsystem.tex
File: Pictures/ECS/Block_diagram.eps Graphic file (type eps)
 <Pictures/ECS/Block_diagram.eps> [185]
File: Pictures/ECS/Architecture.eps Graphic file (type eps)

<Pictures/ECS/Architecture.eps> [186]
File: Pictures/ECS/butterfly_valve.eps Graphic file (type eps)
 <Pictures/ECS/butterfly_valve.eps>
File: Pictures/ECS/Pre-cooler.eps Graphic file (type eps)

<Pictures/ECS/Pre-cooler.eps> [187]
Overfull \hbox (890.64732pt too wide) in paragraph at lines 56--73
[][]$\OML/cmm/m/it/12 " \OT1/cmr/m/n/12 = [] \OMS/cmsy/m/n/12 
 []


Overfull \hbox (864.4203pt too wide) in paragraph at lines 56--73
\OML/cmm/m/it/12 WB\OT1/cmr/m/n/12 13[] + [] \OMS/cmsy/m/n/12 
 []


Overfull \hbox (877.00342pt too wide) in paragraph at lines 56--73
\OML/cmm/m/it/12 WB\OT1/cmr/m/n/12 13[]\OML/cmm/m/it/12 == \OT1/cmr/m/n/12 + []
 \OMS/cmsy/m/n/12 
 []


Overfull \hbox (851.67012pt too wide) in paragraph at lines 56--73
\OML/cmm/m/it/12 WB\OT1/cmr/m/n/12 13[] + [] \OMS/cmsy/m/n/12 
 []


Overfull \hbox (861.00348pt too wide) in paragraph at lines 56--73
\OML/cmm/m/it/12 WB\OT1/cmr/m/n/12 13[] + [] \OMS/cmsy/m/n/12 
 []


Overfull \hbox (872.75336pt too wide) in paragraph at lines 56--73
\OML/cmm/m/it/12 WB\OT1/cmr/m/n/12 13[]\OML/cmm/m/it/12 == \OT1/cmr/m/n/12 + []
 \OMS/cmsy/m/n/12 
 []


Overfull \hbox (841.23938pt too wide) in paragraph at lines 56--73
\OML/cmm/m/it/12 WB\OT1/cmr/m/n/12 13 + []$ 
 []

[188]
File: Pictures/ECS/Pre-cooler_Efficiency.eps Graphic file (type eps)
 <Pictures/ECS/Pre-cooler_Efficiency.eps> [189]
File: Pictures/ECS/ITSE.eps Graphic file (type eps)
 <Pictures/ECS/ITSE.eps>
File: Pictures/ECS/Precooler_temp.eps Graphic file (type eps)

<Pictures/ECS/Precooler_temp.eps> [190]
File: Pictures/ECS/Mass_flow_20.eps Graphic file (type eps)
 <Pictures/ECS/Mass_flow_20.eps>
[191] [192])
(F:\Projects\duartec-projects\GENESIS-REPORT\Parts/ECS/ModificationStudies/blee
dleakmonitorsystem.tex [193]
File: Pictures/ECS/PneumaticConection.eps Graphic file (type eps)
 <Pictures/ECS/PneumaticConection.eps>
File: Pictures/ECS/leakswitcheslocation.eps Graphic file (type eps)

<Pictures/ECS/leakswitcheslocation.eps> [194] [195]
File: Pictures/ECS/joint5.eps Graphic file (type eps)
 <Pictures/ECS/joint5.eps>
File: Pictures/ECS/joint1.eps Graphic file (type eps)

<Pictures/ECS/joint1.eps>
File: Pictures/ECS/joint7.eps Graphic file (type eps)
 <Pictures/ECS/joint7.eps> [196]
File: Pictures/ECS/joint11.eps Graphic file (type eps)

<Pictures/ECS/joint11.eps>
File: Pictures/ECS/joint12.eps Graphic file (type eps)
 <Pictures/ECS/joint12.eps> [197]
File: Pictures/ECS/joint17.eps Graphic file (type eps)

<Pictures/ECS/joint17.eps>
File: Pictures/ECS/joint20.eps Graphic file (type eps)
 <Pictures/ECS/joint20.eps> [198]
File: Pictures/ECS/joint23.eps Graphic file (type eps)

<Pictures/ECS/joint23.eps> [199] [200])
(F:\Projects\duartec-projects\GENESIS-REPORT\Parts/ECS/ModificationStudies/amsc
ontrollerinclusion.tex)
(F:\Projects\duartec-projects\GENESIS-REPORT\Parts/ECS/ECSCostsSumary.tex)
(F:\Projects\duartec-projects\GENESIS-REPORT\Parts/ECS/Conclusion.tex))
[201]
(F:\Projects\duartec-projects\GENESIS-REPORT\Parts/Avionics_Systems/Avionics_Sy
stems.tex
File: Pictures/Avionics_Systems/ERJ145Cockpit.eps Graphic file (type eps)
 <Pictures/Avionics_Systems/ERJ145Cockpit.eps> [202]
File: Pictures/Avionics_Systems/ADSBSchema.eps Graphic file (type eps)

<Pictures/Avionics_Systems/ADSBSchema.eps> [203]
File: Pictures/Avionics_Systems/CPDLCmessages.eps Graphic file (type eps)

<Pictures/Avionics_Systems/CPDLCmessages.eps> [204]
File: Pictures/Avionics_Systems/NavigationTechnologiesComparison.eps Graphic fi
le (type eps)

<Pictures/Avionics_Systems/NavigationTechnologiesComparison.eps> [205] [206]
File: Pictures/Avionics_Systems/AircraftLanding.eps Graphic file (type eps)

<Pictures/Avionics_Systems/AircraftLanding.eps>
File: Pictures/Avionics_Systems/ModifiedGC550.eps Graphic file (type eps)

<Pictures/Avionics_Systems/ModifiedGC550.eps> [207]
File: Pictures/Avionics_Systems/WideAreaAugmentationSystem.eps Graphic file (ty
pe eps)

<Pictures/Avionics_Systems/WideAreaAugmentationSystem.eps> [208]
File: Pictures/Avionics_Systems/GPSReceiverLocation.eps Graphic file (type eps)


<Pictures/Avionics_Systems/GPSReceiverLocation.eps> [209]
Overfull \hbox (0.47594pt too wide) in paragraph at lines 97--100
[][]\T1/cmr/m/n/12 The ADS-B im-ple-men-ta-tion will de-mand some equip-ment mo
d-i-fi-ca-tion and con-nec-tion changes.
 []

[210])
(F:\Projects\duartec-projects\GENESIS-REPORT\Parts/Electrical_Systems/electrica
l.tex
(F:\Projects\duartec-projects\GENESIS-REPORT\Parts/Electrical_Systems/Introduct
ion.tex
File: Pictures/Electrical_Systems/ERJ145_DC_Ele_Distr_Sys_Schematic.eps Graphic
 file (type eps)
 <Pictures/Electrical_Systems/ERJ145_DC_Ele_Distr_Sys_Schematic.eps>
[211])
(F:\Projects\duartec-projects\GENESIS-REPORT\Parts/Electrical_Systems/Modificat
ionStudies/WiringRefit.tex [212] [213])
(F:\Projects\duartec-projects\GENESIS-REPORT\Parts/Electrical_Systems/Modificat
ionStudies/APUStartGenGCU.tex [214]

LaTeX Warning: Reference `AGCU_Location' on page 215 undefined on input line 10
.

File: Pictures/Electrical_Systems/AGCU_Location.eps Graphic file (type eps)
<Pictures/Electrical_Systems/AGCU_Location.eps>
File: Pictures/Electrical_Systems/AGCU_Mockup.eps Graphic file (type eps)

<Pictures/Electrical_Systems/AGCU_Mockup.eps> [215])
(F:\Projects\duartec-projects\GENESIS-REPORT\Parts/Electrical_Systems/Modificat
ionStudies/NiCdBatteries.tex [216])
(F:\Projects\duartec-projects\GENESIS-REPORT\Parts/Electrical_Systems/Modificat
ionStudies/BackupBattery.tex)
(F:\Projects\duartec-projects\GENESIS-REPORT\Parts/Electrical_Systems/Modificat
ionStudies/StaticInverter.tex [217])
(F:\Projects\duartec-projects\GENESIS-REPORT\Parts/Electrical_Systems/CertifDev
elop.tex [218]
Overfull \hbox (383.49088pt too wide) in paragraph at lines 48--67
 [][][][] 
 []

[219])
(F:\Projects\duartec-projects\GENESIS-REPORT\Parts/Electrical_Systems/EleLoadAn
alysis.tex
Overfull \hbox (587.38216pt too wide) in paragraph at lines 10--41
 [][][][] 
 []


Overfull \hbox (587.38216pt too wide) in paragraph at lines 49--80
 [][][][] 
 []

) [220] [221] [222]
(F:\Projects\duartec-projects\GENESIS-REPORT\Parts/Electrical_Systems/EleCostsS
umary.tex
Overfull \hbox (770.93433pt too wide) in paragraph at lines 7--20
 [][][][] 
 []


Overfull \hbox (692.75053pt too wide) in paragraph at lines 26--39
 [][][][] 
 []

)
(F:\Projects\duartec-projects\GENESIS-REPORT\Parts/Electrical_Systems/Conclusio
n.tex [223]))
(F:\Projects\duartec-projects\GENESIS-REPORT\Parts/Hidromechanical_Systems/hidr
omec.tex
(F:\Projects\duartec-projects\GENESIS-REPORT\Parts/Hidromechanical_Systems/Intr
oduction/introduction.tex) [224]
(F:\Projects\duartec-projects\GENESIS-REPORT\Parts/Hidromechanical_Systems/Main
tenanceDrivenModifications/btms.tex
File: Pictures/Hidromechanical_Systems/BTMSassembly.eps Graphic file (type eps)


<Pictures/Hidromechanical_Systems/BTMSassembly.eps> [225]
File: Pictures/Hidromechanical_Systems/BTMSsensor.eps Graphic file (type eps)

<Pictures/Hidromechanical_Systems/BTMSsensor.eps> [226]
Overfull \vbox (3.88713pt too high) has occurred while \output is active []


[227] [228])
(F:\Projects\duartec-projects\GENESIS-REPORT\Parts/Hidromechanical_Systems/Main
tenanceDrivenModifications/breakcontrolunit.tex
File: Pictures/Hidromechanical_Systems/BCUassembly.eps Graphic file (type eps)

<Pictures/Hidromechanical_Systems/BCUassembly.eps> [229]) [230]
(F:\Projects\duartec-projects\GENESIS-REPORT\Parts/Hidromechanical_Systems/Main
tenanceDrivenModifications/wheelspeedcoupling.tex
File: Pictures/Hidromechanical_Systems/wheelspeed1.eps Graphic file (type eps)

<Pictures/Hidromechanical_Systems/wheelspeed1.eps> [231]
File: Pictures/Hidromechanical_Systems/WST_2.eps Graphic file (type eps)

<Pictures/Hidromechanical_Systems/WST_2.eps> [232])
(F:\Projects\duartec-projects\GENESIS-REPORT\Parts/Hidromechanical_Systems/Main
tenanceDrivenModifications/ailerondamperremoval.tex [233])
(F:\Projects\duartec-projects\GENESIS-REPORT\Parts/Hidromechanical_Systems/Main
tenanceDrivenModifications/flaptransmissionbrake.tex
File: Pictures/Hidromechanical_Systems/FlapTransmissionBrake.eps Graphic file (
type eps)

<Pictures/Hidromechanical_Systems/FlapTransmissionBrake.eps> [234])
(F:\Projects\duartec-projects\GENESIS-REPORT\Parts/Hidromechanical_Systems/Main
tenanceDrivenModifications/gustlock.tex [235]
File: Pictures/Hidromechanical_Systems/Gust-lock.eps Graphic file (type eps)

<Pictures/Hidromechanical_Systems/Gust-lock.eps>) [236]
(F:\Projects\duartec-projects\GENESIS-REPORT\Parts/Hidromechanical_Systems/Main
tenanceDrivenModifications/spoilercontrolunit.tex
File: Pictures/Hidromechanical_Systems/SCU_Closed.eps Graphic file (type eps)

<Pictures/Hidromechanical_Systems/SCU_Closed.eps> [237]
File: Pictures/Hidromechanical_Systems/SCU_Opened.eps Graphic file (type eps)

<Pictures/Hidromechanical_Systems/SCU_Opened.eps>)
(F:\Projects\duartec-projects\GENESIS-REPORT\Parts/Hidromechanical_Systems/Main
tenanceDrivenModifications/angleofattack.tex [238])
(F:\Projects\duartec-projects\GENESIS-REPORT\Parts/Hidromechanical_Systems/Main
tenanceDrivenModifications/flightcontrolcables.tex [239]
File: Pictures/Hidromechanical_Systems/RuderControlCables.eps Graphic file (typ
e eps)

<Pictures/Hidromechanical_Systems/RuderControlCables.eps>)
(F:\Projects\duartec-projects\GENESIS-REPORT\Parts/Hidromechanical_Systems/Main
tenanceDrivenModifications/addfilter.tex [240]) [241]
(F:\Projects\duartec-projects\GENESIS-REPORT\Parts/Hidromechanical_Systems/Reve
nueIncrement/HydraulicTubesIncrease.tex [242]
File: Pictures/Hidromechanical_Systems/MoodyDiagram.eps Graphic file (type eps)


<Pictures/Hidromechanical_Systems/MoodyDiagram.eps>)
(F:\Projects\duartec-projects\GENESIS-REPORT\Parts/Hidromechanical_Systems/Reve
nueIncrement/FlightControlCablesIncrease.tex [243]
File: Pictures/Hidromechanical_Systems/cable.eps Graphic file (type eps)

<Pictures/Hidromechanical_Systems/cable.eps>)
(F:\Projects\duartec-projects\GENESIS-REPORT\Parts/Hidromechanical_Systems/Hydr
omechanicalCostsSumary/HydromechanicalCostsSumary.tex [244] [245]
Overfull \hbox (1002.228pt too wide) in paragraph at lines 23--43
 [][][][] 
 []


Overfull \hbox (696.72878pt too wide) in paragraph at lines 49--68
 [][][][] 
 []

)
(F:\Projects\duartec-projects\GENESIS-REPORT\Parts/Hidromechanical_Systems/Conc
lusion/Conclusion.tex [246] [247]
File: Pictures/Hidromechanical_Systems/BTMSassembly.eps Graphic file (type eps)


<Pictures/Hidromechanical_Systems/BTMSassembly.eps> [248]
File: Pictures/Hidromechanical_Systems/BTMSsensor.eps Graphic file (type eps)

<Pictures/Hidromechanical_Systems/BTMSsensor.eps> [249]
Overfull \vbox (3.88713pt too high) has occurred while \output is active []


[250] [251]))
(F:\Projects\duartec-projects\GENESIS-REPORT\Parts/finances/finances.tex
Overfull \hbox (46.1574pt too wide) in paragraph at lines 44--44
[]|[][]| 
 []


Underfull \hbox (badness 6978) in paragraph at lines 53--53
[]|\T1/cmr/m/n/8 APU starter/genarator and
 []


Overfull \hbox (40.28772pt too wide) in paragraph at lines 58--58
[]|[][]| 
 []


Overfull \hbox (14.45451pt too wide) in paragraph at lines 32--67
 [][][][] 
 []

[252])
(F:\Projects\duartec-projects\GENESIS-REPORT\Parts/Conclusion/conclusion.tex
[253]
File: Pictures/Conclusion/GraphCASMReductionbyFronts.eps Graphic file (type eps
)
 <Pictures/Conclusion/GraphCASMReductionbyFronts.eps>
File: Pictures/Conclusion/GraphCASMReductionDistribution.eps Graphic file (type
 eps)

<Pictures/Conclusion/GraphCASMReductionDistribution.eps> [254]) [255]
(F:\Projects\duartec-projects\GENESIS-REPORT\template.aux)

LaTeX Warning: There were undefined references.


LaTeX Warning: There were multiply-defined labels.

 ) 
Here is how much of TeX's memory you used:
 5796 strings out of 493922
 107631 string characters out of 3144894
 388127 words of memory out of 3000000
 8473 multiletter control sequences out of 15000+200000
 20925 words of font info for 51 fonts, out of 3000000 for 9000
 841 hyphenation exceptions out of 8191
 42i,12n,40p,199077b,351s stack positions out of 5000i,500n,10000p,200000b,50000s

Output written on template.dvi (256 pages, 657468 bytes).
